        -:    0:Source:c:/mingw/include/c++/9.2.0/bits/stl_algo.h
        -:    0:Graph:interpol.gcno
        -:    0:Data:interpol.gcda
        -:    0:Runs:1
        -:    1:// Algorithm implementation -*- C++ -*-
        -:    2:
        -:    3:// Copyright (C) 2001-2019 Free Software Foundation, Inc.
        -:    4://
        -:    5:// This file is part of the GNU ISO C++ Library.  This library is free
        -:    6:// software; you can redistribute it and/or modify it under the
        -:    7:// terms of the GNU General Public License as published by the
        -:    8:// Free Software Foundation; either version 3, or (at your option)
        -:    9:// any later version.
        -:   10:
        -:   11:// This library is distributed in the hope that it will be useful,
        -:   12:// but WITHOUT ANY WARRANTY; without even the implied warranty of
        -:   13:// MERCHANTABILITY or FITNESS FOR A PARTICULAR PURPOSE.  See the
        -:   14:// GNU General Public License for more details.
        -:   15:
        -:   16:// Under Section 7 of GPL version 3, you are granted additional
        -:   17:// permissions described in the GCC Runtime Library Exception, version
        -:   18:// 3.1, as published by the Free Software Foundation.
        -:   19:
        -:   20:// You should have received a copy of the GNU General Public License and
        -:   21:// a copy of the GCC Runtime Library Exception along with this program;
        -:   22:// see the files COPYING3 and COPYING.RUNTIME respectively.  If not, see
        -:   23:// <http://www.gnu.org/licenses/>.
        -:   24:
        -:   25:/*
        -:   26: *
        -:   27: * Copyright (c) 1994
        -:   28: * Hewlett-Packard Company
        -:   29: *
        -:   30: * Permission to use, copy, modify, distribute and sell this software
        -:   31: * and its documentation for any purpose is hereby granted without fee,
        -:   32: * provided that the above copyright notice appear in all copies and
        -:   33: * that both that copyright notice and this permission notice appear
        -:   34: * in supporting documentation.  Hewlett-Packard Company makes no
        -:   35: * representations about the suitability of this software for any
        -:   36: * purpose.  It is provided "as is" without express or implied warranty.
        -:   37: *
        -:   38: *
        -:   39: * Copyright (c) 1996
        -:   40: * Silicon Graphics Computer Systems, Inc.
        -:   41: *
        -:   42: * Permission to use, copy, modify, distribute and sell this software
        -:   43: * and its documentation for any purpose is hereby granted without fee,
        -:   44: * provided that the above copyright notice appear in all copies and
        -:   45: * that both that copyright notice and this permission notice appear
        -:   46: * in supporting documentation.  Silicon Graphics makes no
        -:   47: * representations about the suitability of this software for any
        -:   48: * purpose.  It is provided "as is" without express or implied warranty.
        -:   49: */
        -:   50:
        -:   51:/** @file bits/stl_algo.h
        -:   52: *  This is an internal header file, included by other library headers.
        -:   53: *  Do not attempt to use it directly. @headername{algorithm}
        -:   54: */
        -:   55:
        -:   56:#ifndef _STL_ALGO_H
        -:   57:#define _STL_ALGO_H 1
        -:   58:
        -:   59:#include <cstdlib>	     // for rand
        -:   60:#include <bits/algorithmfwd.h>
        -:   61:#include <bits/stl_heap.h>
        -:   62:#include <bits/stl_tempbuf.h>  // for _Temporary_buffer
        -:   63:#include <bits/predefined_ops.h>
        -:   64:
        -:   65:#if __cplusplus >= 201103L
        -:   66:#include <bits/uniform_int_dist.h>
        -:   67:#endif
        -:   68:
        -:   69:// See concept_check.h for the __glibcxx_*_requires macros.
        -:   70:
        -:   71:namespace std _GLIBCXX_VISIBILITY(default)
        -:   72:{
        -:   73:_GLIBCXX_BEGIN_NAMESPACE_VERSION
        -:   74:
        -:   75:  /// Swaps the median value of *__a, *__b and *__c under __comp to *__result
        -:   76:  template<typename _Iterator, typename _Compare>
        -:   77:    void
        -:   78:    __move_median_to_first(_Iterator __result,_Iterator __a, _Iterator __b,
        -:   79:			   _Iterator __c, _Compare __comp)
        -:   80:    {
        -:   81:      if (__comp(__a, __b))
        -:   82:	{
        -:   83:	  if (__comp(__b, __c))
        -:   84:	    std::iter_swap(__result, __b);
        -:   85:	  else if (__comp(__a, __c))
        -:   86:	    std::iter_swap(__result, __c);
        -:   87:	  else
        -:   88:	    std::iter_swap(__result, __a);
        -:   89:	}
        -:   90:      else if (__comp(__a, __c))
        -:   91:	std::iter_swap(__result, __a);
        -:   92:      else if (__comp(__b, __c))
        -:   93:	std::iter_swap(__result, __c);
        -:   94:      else
        -:   95:	std::iter_swap(__result, __b);
        -:   96:    }
        -:   97:
        -:   98:  /// This is an overload used by find algos for the Input Iterator case.
        -:   99:  template<typename _InputIterator, typename _Predicate>
        -:  100:    inline _InputIterator
       6*:  101:    __find_if(_InputIterator __first, _InputIterator __last,
        -:  102:	      _Predicate __pred, input_iterator_tag)
        -:  103:    {
       6*:  104:      while (__first != __last && !__pred(__first))
       2*:  105:	++__first;
       4*:  106:      return __first;
        -:  107:    }
------------------
_ZSt9__find_ifISt14_List_iteratorIP12OrganizationEN9__gnu_cxx5__ops16_Iter_equals_valIKS2_EEET_S9_S9_T0_St18input_iterator_tag:
function _ZSt9__find_ifISt14_List_iteratorIP12OrganizationEN9__gnu_cxx5__ops16_Iter_equals_valIKS2_EEET_S9_S9_T0_St18input_iterator_tag called 0 returned 0% blocks executed 0%
    #####:  101:    __find_if(_InputIterator __first, _InputIterator __last,
        -:  102:	      _Predicate __pred, input_iterator_tag)
        -:  103:    {
    #####:  104:      while (__first != __last && !__pred(__first))
    %%%%%:  104-block  0
call    0 never executed
branch  1 never executed
branch  2 never executed
    %%%%%:  104-block  1
call    3 never executed
branch  4 never executed
branch  5 never executed
    %%%%%:  104-block  2
unconditional  6 never executed
    %%%%%:  104-block  3
unconditional  7 never executed
    %%%%%:  104-block  4
branch  8 never executed
branch  9 never executed
unconditional 10 never executed
    #####:  105:	++__first;
    %%%%%:  105-block  0
call    0 never executed
    #####:  106:      return __first;
    %%%%%:  106-block  0
unconditional  0 never executed
        -:  107:    }
------------------
_ZSt9__find_ifISt14_List_iteratorIP5CrimeEN9__gnu_cxx5__ops16_Iter_equals_valIKS2_EEET_S9_S9_T0_St18input_iterator_tag:
function _ZSt9__find_ifISt14_List_iteratorIP5CrimeEN9__gnu_cxx5__ops16_Iter_equals_valIKS2_EEET_S9_S9_T0_St18input_iterator_tag called 0 returned 0% blocks executed 0%
    #####:  101:    __find_if(_InputIterator __first, _InputIterator __last,
        -:  102:	      _Predicate __pred, input_iterator_tag)
        -:  103:    {
    #####:  104:      while (__first != __last && !__pred(__first))
    %%%%%:  104-block  0
call    0 never executed
branch  1 never executed
branch  2 never executed
    %%%%%:  104-block  1
call    3 never executed
branch  4 never executed
branch  5 never executed
    %%%%%:  104-block  2
unconditional  6 never executed
    %%%%%:  104-block  3
unconditional  7 never executed
    %%%%%:  104-block  4
branch  8 never executed
branch  9 never executed
unconditional 10 never executed
    #####:  105:	++__first;
    %%%%%:  105-block  0
call    0 never executed
    #####:  106:      return __first;
    %%%%%:  106-block  0
unconditional  0 never executed
        -:  107:    }
------------------
_ZSt9__find_ifISt14_List_iteratorIP14CriminalPersonEN9__gnu_cxx5__ops16_Iter_equals_valIKS2_EEET_S9_S9_T0_St18input_iterator_tag:
function _ZSt9__find_ifISt14_List_iteratorIP14CriminalPersonEN9__gnu_cxx5__ops16_Iter_equals_valIKS2_EEET_S9_S9_T0_St18input_iterator_tag called 0 returned 0% blocks executed 0%
    #####:  101:    __find_if(_InputIterator __first, _InputIterator __last,
        -:  102:	      _Predicate __pred, input_iterator_tag)
        -:  103:    {
    #####:  104:      while (__first != __last && !__pred(__first))
    %%%%%:  104-block  0
call    0 never executed
branch  1 never executed
branch  2 never executed
    %%%%%:  104-block  1
call    3 never executed
branch  4 never executed
branch  5 never executed
    %%%%%:  104-block  2
unconditional  6 never executed
    %%%%%:  104-block  3
unconditional  7 never executed
    %%%%%:  104-block  4
branch  8 never executed
branch  9 never executed
unconditional 10 never executed
    #####:  105:	++__first;
    %%%%%:  105-block  0
call    0 never executed
    #####:  106:      return __first;
    %%%%%:  106-block  0
unconditional  0 never executed
        -:  107:    }
------------------
_ZSt9__find_ifISt14_List_iteratorI9CrimeTypeEN9__gnu_cxx5__ops10_Iter_predIZN12Organization14AddActionsTypeERKS1_EUlRKT_E_EEES9_S9_S9_T0_St18input_iterator_tag:
function _ZSt9__find_ifISt14_List_iteratorI9CrimeTypeEN9__gnu_cxx5__ops10_Iter_predIZN12Organization14AddActionsTypeERKS1_EUlRKT_E_EEES9_S9_S9_T0_St18input_iterator_tag called 1 returned 100% blocks executed 100%
        3:  101:    __find_if(_InputIterator __first, _InputIterator __last,
        -:  102:	      _Predicate __pred, input_iterator_tag)
        -:  103:    {
        3:  104:      while (__first != __last && !__pred(__first))
        3:  104-block  0
call    0 returned 3
branch  1 taken 2 (fallthrough)
branch  2 taken 1
        2:  104-block  1
call    3 returned 2
branch  4 taken 2 (fallthrough)
branch  5 taken 0
        2:  104-block  2
unconditional  6 taken 2
        1:  104-block  3
unconditional  7 taken 1
        3:  104-block  4
branch  8 taken 2 (fallthrough)
branch  9 taken 1
unconditional 10 taken 2
        2:  105:	++__first;
        2:  105-block  0
call    0 returned 2
        1:  106:      return __first;
        1:  106-block  0
unconditional  0 taken 1
        -:  107:    }
------------------
_ZSt9__find_ifISt23_Rb_tree_const_iteratorINSt7__cxx1112basic_stringIcSt11char_traitsIcESaIcEEEEN9__gnu_cxx5__ops16_Iter_equals_valIKS6_EEET_SD_SD_T0_St18input_iterator_tag:
function _ZSt9__find_ifISt23_Rb_tree_const_iteratorINSt7__cxx1112basic_stringIcSt11char_traitsIcESaIcEEEEN9__gnu_cxx5__ops16_Iter_equals_valIKS6_EEET_SD_SD_T0_St18input_iterator_tag called 3 returned 100% blocks executed 55%
        3:  101:    __find_if(_InputIterator __first, _InputIterator __last,
        -:  102:	      _Predicate __pred, input_iterator_tag)
        -:  103:    {
       3*:  104:      while (__first != __last && !__pred(__first))
        3:  104-block  0
call    0 returned 3
branch  1 taken 0 (fallthrough)
branch  2 taken 3
    %%%%%:  104-block  1
call    3 never executed
branch  4 never executed
branch  5 never executed
    %%%%%:  104-block  2
unconditional  6 never executed
        3:  104-block  3
unconditional  7 taken 3
        3:  104-block  4
branch  8 taken 0 (fallthrough)
branch  9 taken 3
unconditional 10 never executed
    #####:  105:	++__first;
    %%%%%:  105-block  0
call    0 never executed
        3:  106:      return __first;
        3:  106-block  0
unconditional  0 taken 3
        -:  107:    }
------------------
        -:  108:
        -:  109:  /// This is an overload used by find algos for the RAI case.
        -:  110:  template<typename _RandomAccessIterator, typename _Predicate>
        -:  111:    _RandomAccessIterator
       54:  112:    __find_if(_RandomAccessIterator __first, _RandomAccessIterator __last,
        -:  113:	      _Predicate __pred, random_access_iterator_tag)
        -:  114:    {
        -:  115:      typename iterator_traits<_RandomAccessIterator>::difference_type
       54:  116:	__trip_count = (__last - __first) >> 2;
        -:  117:
      54*:  118:      for (; __trip_count > 0; --__trip_count)
        -:  119:	{
       40:  120:	  if (__pred(__first))
       36:  121:	    return __first;
        4:  122:	  ++__first;
        -:  123:
        4:  124:	  if (__pred(__first))
        2:  125:	    return __first;
        2:  126:	  ++__first;
        -:  127:
        2:  128:	  if (__pred(__first))
    #####:  129:	    return __first;
        2:  130:	  ++__first;
        -:  131:
        2:  132:	  if (__pred(__first))
        2:  133:	    return __first;
    #####:  134:	  ++__first;
        -:  135:	}
        -:  136:
       14:  137:      switch (__last - __first)
        -:  138:	{
        4:  139:	case 3:
        4:  140:	  if (__pred(__first))
        4:  141:	    return __first;
    #####:  142:	  ++__first;
    #####:  143:	case 2:
    #####:  144:	  if (__pred(__first))
    #####:  145:	    return __first;
    #####:  146:	  ++__first;
       1*:  147:	case 1:
       1*:  148:	  if (__pred(__first))
    #####:  149:	    return __first;
       1*:  150:	  ++__first;
       10:  151:	case 0:
        -:  152:	default:
       10:  153:	  return __last;
        -:  154:	}
        -:  155:    }
------------------
_ZSt9__find_ifISt16reverse_iteratorIN9__gnu_cxx17__normal_iteratorIPcNSt7__cxx1112basic_stringIcSt11char_traitsIcESaIcEEEEEENS1_5__ops10_Iter_predIZ9RightTrimS9_EUlhE_EEET_SG_SG_T0_St26random_access_iterator_tag:
function _ZSt9__find_ifISt16reverse_iteratorIN9__gnu_cxx17__normal_iteratorIPcNSt7__cxx1112basic_stringIcSt11char_traitsIcESaIcEEEEEENS1_5__ops10_Iter_predIZ9RightTrimS9_EUlhE_EEET_SG_SG_T0_St26random_access_iterator_tag called 27 returned 100% blocks executed 60%
       27:  112:    __find_if(_RandomAccessIterator __first, _RandomAccessIterator __last,
        -:  113:	      _Predicate __pred, random_access_iterator_tag)
        -:  114:    {
        -:  115:      typename iterator_traits<_RandomAccessIterator>::difference_type
       27:  116:	__trip_count = (__last - __first) >> 2;
       27:  116-block  0
call    0 returned 27
unconditional  1 taken 27
        -:  117:
      27*:  118:      for (; __trip_count > 0; --__trip_count)
       27:  118-block  0
branch  0 taken 20 (fallthrough)
branch  1 taken 7
unconditional  2 never executed
        -:  119:	{
       20:  120:	  if (__pred(__first))
       20:  120-block  0
call    0 returned 20
call    1 returned 20
branch  2 taken 20 (fallthrough)
branch  3 taken 0 (throw)
       20:  120-block  1
branch  4 taken 18 (fallthrough)
branch  5 taken 2
    $$$$$:  120-block  2
call    6 never executed
       18:  121:	    return __first;
       18:  121-block  0
call    0 returned 18
unconditional  1 taken 18
        2:  122:	  ++__first;
        2:  122-block  0
call    0 returned 2
        -:  123:
        2:  124:	  if (__pred(__first))
call    0 returned 2
call    1 returned 2
branch  2 taken 2 (fallthrough)
branch  3 taken 0 (throw)
        2:  124-block  0
branch  4 taken 1 (fallthrough)
branch  5 taken 1
    $$$$$:  124-block  1
call    6 never executed
        1:  125:	    return __first;
        1:  125-block  0
call    0 returned 1
unconditional  1 taken 1
        1:  126:	  ++__first;
        1:  126-block  0
call    0 returned 1
        -:  127:
        1:  128:	  if (__pred(__first))
call    0 returned 1
call    1 returned 1
branch  2 taken 1 (fallthrough)
branch  3 taken 0 (throw)
        1:  128-block  0
branch  4 taken 0 (fallthrough)
branch  5 taken 1
    $$$$$:  128-block  1
call    6 never executed
    #####:  129:	    return __first;
    %%%%%:  129-block  0
call    0 never executed
unconditional  1 never executed
        1:  130:	  ++__first;
        1:  130-block  0
call    0 returned 1
        -:  131:
        1:  132:	  if (__pred(__first))
call    0 returned 1
call    1 returned 1
branch  2 taken 1 (fallthrough)
branch  3 taken 0 (throw)
        1:  132-block  0
branch  4 taken 1 (fallthrough)
branch  5 taken 0
    $$$$$:  132-block  1
call    6 never executed
        1:  133:	    return __first;
        1:  133-block  0
call    0 returned 1
unconditional  1 taken 1
    #####:  134:	  ++__first;
    %%%%%:  134-block  0
call    0 never executed
        -:  135:	}
        -:  136:
        7:  137:      switch (__last - __first)
        7:  137-block  0
call    0 returned 7
branch  1 taken 2
branch  2 taken 0
branch  3 taken 0
branch  4 taken 5
        -:  138:	{
        2:  139:	case 3:
        2:  140:	  if (__pred(__first))
        2:  140-block  0
call    0 returned 2
call    1 returned 2
branch  2 taken 2 (fallthrough)
branch  3 taken 0 (throw)
        2:  140-block  1
branch  4 taken 2 (fallthrough)
branch  5 taken 0
    $$$$$:  140-block  2
call    6 never executed
        2:  141:	    return __first;
        2:  141-block  0
call    0 returned 2
unconditional  1 taken 2
    #####:  142:	  ++__first;
    %%%%%:  142-block  0
call    0 never executed
unconditional  1 never executed
    #####:  143:	case 2:
    #####:  144:	  if (__pred(__first))
    %%%%%:  144-block  0
call    0 never executed
call    1 never executed
branch  2 never executed
branch  3 never executed
    %%%%%:  144-block  1
branch  4 never executed
branch  5 never executed
    $$$$$:  144-block  2
call    6 never executed
    #####:  145:	    return __first;
    %%%%%:  145-block  0
call    0 never executed
unconditional  1 never executed
    #####:  146:	  ++__first;
    %%%%%:  146-block  0
call    0 never executed
unconditional  1 never executed
    #####:  147:	case 1:
    #####:  148:	  if (__pred(__first))
    %%%%%:  148-block  0
call    0 never executed
call    1 never executed
branch  2 never executed
branch  3 never executed
    %%%%%:  148-block  1
branch  4 never executed
branch  5 never executed
    #####:  149:	    return __first;
    %%%%%:  149-block  0
call    0 never executed
unconditional  1 never executed
    #####:  150:	  ++__first;
    %%%%%:  150-block  0
call    0 never executed
unconditional  1 never executed
        5:  151:	case 0:
        -:  152:	default:
        5:  153:	  return __last;
        5:  153-block  0
call    0 returned 5
unconditional  1 taken 5
        -:  154:	}
        -:  155:    }
------------------
_ZSt9__find_ifIN9__gnu_cxx17__normal_iteratorIPcNSt7__cxx1112basic_stringIcSt11char_traitsIcESaIcEEEEENS0_5__ops10_Iter_predIZ8LeftTrimS8_EUlhE_EEET_SE_SE_T0_St26random_access_iterator_tag:
function _ZSt9__find_ifIN9__gnu_cxx17__normal_iteratorIPcNSt7__cxx1112basic_stringIcSt11char_traitsIcESaIcEEEEENS0_5__ops10_Iter_predIZ8LeftTrimS8_EUlhE_EEET_SE_SE_T0_St26random_access_iterator_tag called 27 returned 100% blocks executed 75%
       27:  112:    __find_if(_RandomAccessIterator __first, _RandomAccessIterator __last,
        -:  113:	      _Predicate __pred, random_access_iterator_tag)
        -:  114:    {
        -:  115:      typename iterator_traits<_RandomAccessIterator>::difference_type
       27:  116:	__trip_count = (__last - __first) >> 2;
       27:  116-block  0
call    0 returned 27
unconditional  1 taken 27
        -:  117:
      27*:  118:      for (; __trip_count > 0; --__trip_count)
       27:  118-block  0
branch  0 taken 20 (fallthrough)
branch  1 taken 7
unconditional  2 never executed
        -:  119:	{
       20:  120:	  if (__pred(__first))
       20:  120-block  0
call    0 returned 20
branch  1 taken 18 (fallthrough)
branch  2 taken 2
       18:  121:	    return __first;
       18:  121-block  0
unconditional  0 taken 18
        2:  122:	  ++__first;
        2:  122-block  0
call    0 returned 2
        -:  123:
        2:  124:	  if (__pred(__first))
call    0 returned 2
branch  1 taken 1 (fallthrough)
branch  2 taken 1
        1:  125:	    return __first;
        1:  125-block  0
unconditional  0 taken 1
        1:  126:	  ++__first;
        1:  126-block  0
call    0 returned 1
        -:  127:
        1:  128:	  if (__pred(__first))
call    0 returned 1
branch  1 taken 0 (fallthrough)
branch  2 taken 1
    #####:  129:	    return __first;
    %%%%%:  129-block  0
unconditional  0 never executed
        1:  130:	  ++__first;
        1:  130-block  0
call    0 returned 1
        -:  131:
        1:  132:	  if (__pred(__first))
call    0 returned 1
branch  1 taken 1 (fallthrough)
branch  2 taken 0
        1:  133:	    return __first;
        1:  133-block  0
unconditional  0 taken 1
    #####:  134:	  ++__first;
    %%%%%:  134-block  0
call    0 never executed
        -:  135:	}
        -:  136:
        7:  137:      switch (__last - __first)
        7:  137-block  0
call    0 returned 7
branch  1 taken 2
branch  2 taken 0
branch  3 taken 1
branch  4 taken 4
        -:  138:	{
        2:  139:	case 3:
        2:  140:	  if (__pred(__first))
        2:  140-block  0
call    0 returned 2
branch  1 taken 2 (fallthrough)
branch  2 taken 0
        2:  141:	    return __first;
        2:  141-block  0
unconditional  0 taken 2
    #####:  142:	  ++__first;
    %%%%%:  142-block  0
call    0 never executed
unconditional  1 never executed
    #####:  143:	case 2:
    #####:  144:	  if (__pred(__first))
    %%%%%:  144-block  0
call    0 never executed
branch  1 never executed
branch  2 never executed
    #####:  145:	    return __first;
    %%%%%:  145-block  0
unconditional  0 never executed
    #####:  146:	  ++__first;
    %%%%%:  146-block  0
call    0 never executed
unconditional  1 never executed
        1:  147:	case 1:
        1:  148:	  if (__pred(__first))
        1:  148-block  0
call    0 returned 1
branch  1 taken 0 (fallthrough)
branch  2 taken 1
    #####:  149:	    return __first;
    %%%%%:  149-block  0
unconditional  0 never executed
        1:  150:	  ++__first;
        1:  150-block  0
call    0 returned 1
unconditional  1 taken 1
        5:  151:	case 0:
        -:  152:	default:
        5:  153:	  return __last;
        5:  153-block  0
unconditional  0 taken 5
        -:  154:	}
        -:  155:    }
------------------
        -:  156:
        -:  157:  template<typename _Iterator, typename _Predicate>
        -:  158:    inline _Iterator
      58*:  159:    __find_if(_Iterator __first, _Iterator __last, _Predicate __pred)
        -:  160:    {
      31*:  161:      return __find_if(__first, __last, __pred,
      85*:  162:		       std::__iterator_category(__first));
        -:  163:    }
------------------
_ZSt9__find_ifISt14_List_iteratorIP12OrganizationEN9__gnu_cxx5__ops16_Iter_equals_valIKS2_EEET_S9_S9_T0_:
function _ZSt9__find_ifISt14_List_iteratorIP12OrganizationEN9__gnu_cxx5__ops16_Iter_equals_valIKS2_EEET_S9_S9_T0_ called 0 returned 0% blocks executed 0%
    #####:  159:    __find_if(_Iterator __first, _Iterator __last, _Predicate __pred)
        -:  160:    {
    #####:  161:      return __find_if(__first, __last, __pred,
    #####:  162:		       std::__iterator_category(__first));
    %%%%%:  162-block  0
call    0 never executed
call    1 never executed
branch  2 never executed
branch  3 never executed
    %%%%%:  162-block  1
unconditional  4 never executed
    %%%%%:  162-block  2
unconditional  5 never executed
    %%%%%:  162-block  3
unconditional  6 never executed
        -:  163:    }
------------------
_ZSt9__find_ifISt14_List_iteratorIP5CrimeEN9__gnu_cxx5__ops16_Iter_equals_valIKS2_EEET_S9_S9_T0_:
function _ZSt9__find_ifISt14_List_iteratorIP5CrimeEN9__gnu_cxx5__ops16_Iter_equals_valIKS2_EEET_S9_S9_T0_ called 0 returned 0% blocks executed 0%
    #####:  159:    __find_if(_Iterator __first, _Iterator __last, _Predicate __pred)
        -:  160:    {
    #####:  161:      return __find_if(__first, __last, __pred,
    #####:  162:		       std::__iterator_category(__first));
    %%%%%:  162-block  0
call    0 never executed
call    1 never executed
branch  2 never executed
branch  3 never executed
    %%%%%:  162-block  1
unconditional  4 never executed
    %%%%%:  162-block  2
unconditional  5 never executed
    %%%%%:  162-block  3
unconditional  6 never executed
        -:  163:    }
------------------
_ZSt9__find_ifISt14_List_iteratorIP14CriminalPersonEN9__gnu_cxx5__ops16_Iter_equals_valIKS2_EEET_S9_S9_T0_:
function _ZSt9__find_ifISt14_List_iteratorIP14CriminalPersonEN9__gnu_cxx5__ops16_Iter_equals_valIKS2_EEET_S9_S9_T0_ called 0 returned 0% blocks executed 0%
    #####:  159:    __find_if(_Iterator __first, _Iterator __last, _Predicate __pred)
        -:  160:    {
    #####:  161:      return __find_if(__first, __last, __pred,
    #####:  162:		       std::__iterator_category(__first));
    %%%%%:  162-block  0
call    0 never executed
call    1 never executed
branch  2 never executed
branch  3 never executed
    %%%%%:  162-block  1
unconditional  4 never executed
    %%%%%:  162-block  2
unconditional  5 never executed
    %%%%%:  162-block  3
unconditional  6 never executed
        -:  163:    }
------------------
_ZSt9__find_ifISt14_List_iteratorI9CrimeTypeEN9__gnu_cxx5__ops10_Iter_predIZN12Organization14AddActionsTypeERKS1_EUlRKT_E_EEES9_S9_S9_T0_:
function _ZSt9__find_ifISt14_List_iteratorI9CrimeTypeEN9__gnu_cxx5__ops10_Iter_predIZN12Organization14AddActionsTypeERKS1_EUlRKT_E_EEES9_S9_S9_T0_ called 1 returned 100% blocks executed 100%
        1:  159:    __find_if(_Iterator __first, _Iterator __last, _Predicate __pred)
        -:  160:    {
        1:  161:      return __find_if(__first, __last, __pred,
        1:  162:		       std::__iterator_category(__first));
        1:  162-block  0
call    0 returned 1
call    1 returned 1
branch  2 taken 1 (fallthrough)
branch  3 taken 0 (throw)
        1:  162-block  1
unconditional  4 taken 1
        1:  162-block  2
unconditional  5 taken 1
        1:  162-block  3
unconditional  6 taken 1
        -:  163:    }
------------------
_ZSt9__find_ifISt23_Rb_tree_const_iteratorINSt7__cxx1112basic_stringIcSt11char_traitsIcESaIcEEEEN9__gnu_cxx5__ops16_Iter_equals_valIKS6_EEET_SD_SD_T0_:
function _ZSt9__find_ifISt23_Rb_tree_const_iteratorINSt7__cxx1112basic_stringIcSt11char_traitsIcESaIcEEEEN9__gnu_cxx5__ops16_Iter_equals_valIKS6_EEET_SD_SD_T0_ called 3 returned 100% blocks executed 100%
        3:  159:    __find_if(_Iterator __first, _Iterator __last, _Predicate __pred)
        -:  160:    {
        3:  161:      return __find_if(__first, __last, __pred,
        3:  162:		       std::__iterator_category(__first));
        3:  162-block  0
call    0 returned 3
call    1 returned 3
branch  2 taken 3 (fallthrough)
branch  3 taken 0 (throw)
        3:  162-block  1
unconditional  4 taken 3
        3:  162-block  2
unconditional  5 taken 3
        3:  162-block  3
unconditional  6 taken 3
        -:  163:    }
------------------
_ZSt9__find_ifISt16reverse_iteratorIN9__gnu_cxx17__normal_iteratorIPcNSt7__cxx1112basic_stringIcSt11char_traitsIcESaIcEEEEEENS1_5__ops10_Iter_predIZ9RightTrimS9_EUlhE_EEET_SG_SG_T0_:
function _ZSt9__find_ifISt16reverse_iteratorIN9__gnu_cxx17__normal_iteratorIPcNSt7__cxx1112basic_stringIcSt11char_traitsIcESaIcEEEEEENS1_5__ops10_Iter_predIZ9RightTrimS9_EUlhE_EEET_SG_SG_T0_ called 27 returned 100% blocks executed 78%
       27:  159:    __find_if(_Iterator __first, _Iterator __last, _Predicate __pred)
        -:  160:    {
        -:  161:      return __find_if(__first, __last, __pred,
       27:  162:		       std::__iterator_category(__first));
       27:  162-block  0
call    0 returned 27
call    1 returned 27
call    2 returned 27
call    3 returned 27
branch  4 taken 27 (fallthrough)
branch  5 taken 0 (throw)
       27:  162-block  1
unconditional  6 taken 27
       27:  162-block  2
unconditional  7 taken 27
    $$$$$:  162-block  3
unconditional  8 never executed
    $$$$$:  162-block  4
unconditional  9 never executed
        -:  163:    }
------------------
_ZSt9__find_ifIN9__gnu_cxx17__normal_iteratorIPcNSt7__cxx1112basic_stringIcSt11char_traitsIcESaIcEEEEENS0_5__ops10_Iter_predIZ8LeftTrimS8_EUlhE_EEET_SE_SE_T0_:
function _ZSt9__find_ifIN9__gnu_cxx17__normal_iteratorIPcNSt7__cxx1112basic_stringIcSt11char_traitsIcESaIcEEEEENS0_5__ops10_Iter_predIZ8LeftTrimS8_EUlhE_EEET_SE_SE_T0_ called 27 returned 100% blocks executed 100%
       27:  159:    __find_if(_Iterator __first, _Iterator __last, _Predicate __pred)
        -:  160:    {
       27:  161:      return __find_if(__first, __last, __pred,
call    0 returned 27
branch  1 taken 27 (fallthrough)
branch  2 taken 0 (throw)
       54:  162:		       std::__iterator_category(__first));
       27:  162-block  0
call    0 returned 27
       27:  162-block  1
unconditional  1 taken 27
       27:  162-block  2
unconditional  2 taken 27
       27:  162-block  3
unconditional  3 taken 27
        -:  163:    }
------------------
        -:  164:
        -:  165:  /// Provided for stable_partition to use.
        -:  166:  template<typename _InputIterator, typename _Predicate>
        -:  167:    inline _InputIterator
        -:  168:    __find_if_not(_InputIterator __first, _InputIterator __last,
        -:  169:		  _Predicate __pred)
        -:  170:    {
        -:  171:      return std::__find_if(__first, __last,
        -:  172:			    __gnu_cxx::__ops::__negate(__pred),
        -:  173:			    std::__iterator_category(__first));
        -:  174:    }
        -:  175:
        -:  176:  /// Like find_if_not(), but uses and updates a count of the
        -:  177:  /// remaining range length instead of comparing against an end
        -:  178:  /// iterator.
        -:  179:  template<typename _InputIterator, typename _Predicate, typename _Distance>
        -:  180:    _InputIterator
        -:  181:    __find_if_not_n(_InputIterator __first, _Distance& __len, _Predicate __pred)
        -:  182:    {
        -:  183:      for (; __len; --__len,  (void) ++__first)
        -:  184:	if (!__pred(__first))
        -:  185:	  break;
        -:  186:      return __first;
        -:  187:    }
        -:  188:
        -:  189:  // set_difference
        -:  190:  // set_intersection
        -:  191:  // set_symmetric_difference
        -:  192:  // set_union
        -:  193:  // for_each
        -:  194:  // find
        -:  195:  // find_if
        -:  196:  // find_first_of
        -:  197:  // adjacent_find
        -:  198:  // count
        -:  199:  // count_if
        -:  200:  // search
        -:  201:
        -:  202:  template<typename _ForwardIterator1, typename _ForwardIterator2,
        -:  203:	   typename _BinaryPredicate>
        -:  204:    _ForwardIterator1
        -:  205:    __search(_ForwardIterator1 __first1, _ForwardIterator1 __last1,
        -:  206:	     _ForwardIterator2 __first2, _ForwardIterator2 __last2,
        -:  207:	     _BinaryPredicate  __predicate)
        -:  208:    {
        -:  209:      // Test for empty ranges
        -:  210:      if (__first1 == __last1 || __first2 == __last2)
        -:  211:	return __first1;
        -:  212:
        -:  213:      // Test for a pattern of length 1.
        -:  214:      _ForwardIterator2 __p1(__first2);
        -:  215:      if (++__p1 == __last2)
        -:  216:	return std::__find_if(__first1, __last1,
        -:  217:		__gnu_cxx::__ops::__iter_comp_iter(__predicate, __first2));
        -:  218:
        -:  219:      // General case.
        -:  220:      _ForwardIterator2 __p;
        -:  221:      _ForwardIterator1 __current = __first1;
        -:  222:
        -:  223:      for (;;)
        -:  224:	{
        -:  225:	  __first1 =
        -:  226:	    std::__find_if(__first1, __last1,
        -:  227:		__gnu_cxx::__ops::__iter_comp_iter(__predicate, __first2));
        -:  228:
        -:  229:	  if (__first1 == __last1)
        -:  230:	    return __last1;
        -:  231:
        -:  232:	  __p = __p1;
        -:  233:	  __current = __first1;
        -:  234:	  if (++__current == __last1)
        -:  235:	    return __last1;
        -:  236:
        -:  237:	  while (__predicate(__current, __p))
        -:  238:	    {
        -:  239:	      if (++__p == __last2)
        -:  240:		return __first1;
        -:  241:	      if (++__current == __last1)
        -:  242:		return __last1;
        -:  243:	    }
        -:  244:	  ++__first1;
        -:  245:	}
        -:  246:      return __first1;
        -:  247:    }
        -:  248:
        -:  249:  // search_n
        -:  250:
        -:  251:  /**
        -:  252:   *  This is an helper function for search_n overloaded for forward iterators.
        -:  253:  */
        -:  254:  template<typename _ForwardIterator, typename _Integer,
        -:  255:	   typename _UnaryPredicate>
        -:  256:    _ForwardIterator
        -:  257:    __search_n_aux(_ForwardIterator __first, _ForwardIterator __last,
        -:  258:		   _Integer __count, _UnaryPredicate __unary_pred,
        -:  259:		   std::forward_iterator_tag)
        -:  260:    {
        -:  261:      __first = std::__find_if(__first, __last, __unary_pred);
        -:  262:      while (__first != __last)
        -:  263:	{
        -:  264:	  typename iterator_traits<_ForwardIterator>::difference_type
        -:  265:	    __n = __count;
        -:  266:	  _ForwardIterator __i = __first;
        -:  267:	  ++__i;
        -:  268:	  while (__i != __last && __n != 1 && __unary_pred(__i))
        -:  269:	    {
        -:  270:	      ++__i;
        -:  271:	      --__n;
        -:  272:	    }
        -:  273:	  if (__n == 1)
        -:  274:	    return __first;
        -:  275:	  if (__i == __last)
        -:  276:	    return __last;
        -:  277:	  __first = std::__find_if(++__i, __last, __unary_pred);
        -:  278:	}
        -:  279:      return __last;
        -:  280:    }
        -:  281:
        -:  282:  /**
        -:  283:   *  This is an helper function for search_n overloaded for random access
        -:  284:   *  iterators.
        -:  285:  */
        -:  286:  template<typename _RandomAccessIter, typename _Integer,
        -:  287:	   typename _UnaryPredicate>
        -:  288:    _RandomAccessIter
        -:  289:    __search_n_aux(_RandomAccessIter __first, _RandomAccessIter __last,
        -:  290:		   _Integer __count, _UnaryPredicate __unary_pred,
        -:  291:		   std::random_access_iterator_tag)
        -:  292:    {
        -:  293:      typedef typename std::iterator_traits<_RandomAccessIter>::difference_type
        -:  294:	_DistanceType;
        -:  295:
        -:  296:      _DistanceType __tailSize = __last - __first;
        -:  297:      _DistanceType __remainder = __count;
        -:  298:
        -:  299:      while (__remainder <= __tailSize) // the main loop...
        -:  300:	{
        -:  301:	  __first += __remainder;
        -:  302:	  __tailSize -= __remainder;
        -:  303:	  // __first here is always pointing to one past the last element of
        -:  304:	  // next possible match.
        -:  305:	  _RandomAccessIter __backTrack = __first; 
        -:  306:	  while (__unary_pred(--__backTrack))
        -:  307:	    {
        -:  308:	      if (--__remainder == 0)
        -:  309:		return (__first - __count); // Success
        -:  310:	    }
        -:  311:	  __remainder = __count + 1 - (__first - __backTrack);
        -:  312:	}
        -:  313:      return __last; // Failure
        -:  314:    }
        -:  315:
        -:  316:  template<typename _ForwardIterator, typename _Integer,
        -:  317:	   typename _UnaryPredicate>
        -:  318:    _ForwardIterator
        -:  319:    __search_n(_ForwardIterator __first, _ForwardIterator __last,
        -:  320:	       _Integer __count,
        -:  321:	       _UnaryPredicate __unary_pred)
        -:  322:    {
        -:  323:      if (__count <= 0)
        -:  324:	return __first;
        -:  325:
        -:  326:      if (__count == 1)
        -:  327:	return std::__find_if(__first, __last, __unary_pred);
        -:  328:
        -:  329:      return std::__search_n_aux(__first, __last, __count, __unary_pred,
        -:  330:				 std::__iterator_category(__first));
        -:  331:    }
        -:  332:
        -:  333:  // find_end for forward iterators.
        -:  334:  template<typename _ForwardIterator1, typename _ForwardIterator2,
        -:  335:	   typename _BinaryPredicate>
        -:  336:    _ForwardIterator1
        -:  337:    __find_end(_ForwardIterator1 __first1, _ForwardIterator1 __last1,
        -:  338:	       _ForwardIterator2 __first2, _ForwardIterator2 __last2,
        -:  339:	       forward_iterator_tag, forward_iterator_tag,
        -:  340:	       _BinaryPredicate __comp)
        -:  341:    {
        -:  342:      if (__first2 == __last2)
        -:  343:	return __last1;
        -:  344:
        -:  345:      _ForwardIterator1 __result = __last1;
        -:  346:      while (1)
        -:  347:	{
        -:  348:	  _ForwardIterator1 __new_result
        -:  349:	    = std::__search(__first1, __last1, __first2, __last2, __comp);
        -:  350:	  if (__new_result == __last1)
        -:  351:	    return __result;
        -:  352:	  else
        -:  353:	    {
        -:  354:	      __result = __new_result;
        -:  355:	      __first1 = __new_result;
        -:  356:	      ++__first1;
        -:  357:	    }
        -:  358:	}
        -:  359:    }
        -:  360:
        -:  361:  // find_end for bidirectional iterators (much faster).
        -:  362:  template<typename _BidirectionalIterator1, typename _BidirectionalIterator2,
        -:  363:	   typename _BinaryPredicate>
        -:  364:    _BidirectionalIterator1
        -:  365:    __find_end(_BidirectionalIterator1 __first1,
        -:  366:	       _BidirectionalIterator1 __last1,
        -:  367:	       _BidirectionalIterator2 __first2,
        -:  368:	       _BidirectionalIterator2 __last2,
        -:  369:	       bidirectional_iterator_tag, bidirectional_iterator_tag,
        -:  370:	       _BinaryPredicate __comp)
        -:  371:    {
        -:  372:      // concept requirements
        -:  373:      __glibcxx_function_requires(_BidirectionalIteratorConcept<
        -:  374:				  _BidirectionalIterator1>)
        -:  375:      __glibcxx_function_requires(_BidirectionalIteratorConcept<
        -:  376:				  _BidirectionalIterator2>)
        -:  377:
        -:  378:      typedef reverse_iterator<_BidirectionalIterator1> _RevIterator1;
        -:  379:      typedef reverse_iterator<_BidirectionalIterator2> _RevIterator2;
        -:  380:
        -:  381:      _RevIterator1 __rlast1(__first1);
        -:  382:      _RevIterator2 __rlast2(__first2);
        -:  383:      _RevIterator1 __rresult = std::__search(_RevIterator1(__last1), __rlast1,
        -:  384:					      _RevIterator2(__last2), __rlast2,
        -:  385:					      __comp);
        -:  386:
        -:  387:      if (__rresult == __rlast1)
        -:  388:	return __last1;
        -:  389:      else
        -:  390:	{
        -:  391:	  _BidirectionalIterator1 __result = __rresult.base();
        -:  392:	  std::advance(__result, -std::distance(__first2, __last2));
        -:  393:	  return __result;
        -:  394:	}
        -:  395:    }
        -:  396:
        -:  397:  /**
        -:  398:   *  @brief  Find last matching subsequence in a sequence.
        -:  399:   *  @ingroup non_mutating_algorithms
        -:  400:   *  @param  __first1  Start of range to search.
        -:  401:   *  @param  __last1   End of range to search.
        -:  402:   *  @param  __first2  Start of sequence to match.
        -:  403:   *  @param  __last2   End of sequence to match.
        -:  404:   *  @return   The last iterator @c i in the range
        -:  405:   *  @p [__first1,__last1-(__last2-__first2)) such that @c *(i+N) ==
        -:  406:   *  @p *(__first2+N) for each @c N in the range @p
        -:  407:   *  [0,__last2-__first2), or @p __last1 if no such iterator exists.
        -:  408:   *
        -:  409:   *  Searches the range @p [__first1,__last1) for a sub-sequence that
        -:  410:   *  compares equal value-by-value with the sequence given by @p
        -:  411:   *  [__first2,__last2) and returns an iterator to the __first
        -:  412:   *  element of the sub-sequence, or @p __last1 if the sub-sequence
        -:  413:   *  is not found.  The sub-sequence will be the last such
        -:  414:   *  subsequence contained in [__first1,__last1).
        -:  415:   *
        -:  416:   *  Because the sub-sequence must lie completely within the range @p
        -:  417:   *  [__first1,__last1) it must start at a position less than @p
        -:  418:   *  __last1-(__last2-__first2) where @p __last2-__first2 is the
        -:  419:   *  length of the sub-sequence.  This means that the returned
        -:  420:   *  iterator @c i will be in the range @p
        -:  421:   *  [__first1,__last1-(__last2-__first2))
        -:  422:  */
        -:  423:  template<typename _ForwardIterator1, typename _ForwardIterator2>
        -:  424:    inline _ForwardIterator1
        -:  425:    find_end(_ForwardIterator1 __first1, _ForwardIterator1 __last1,
        -:  426:	     _ForwardIterator2 __first2, _ForwardIterator2 __last2)
        -:  427:    {
        -:  428:      // concept requirements
        -:  429:      __glibcxx_function_requires(_ForwardIteratorConcept<_ForwardIterator1>)
        -:  430:      __glibcxx_function_requires(_ForwardIteratorConcept<_ForwardIterator2>)
        -:  431:      __glibcxx_function_requires(_EqualOpConcept<
        -:  432:	    typename iterator_traits<_ForwardIterator1>::value_type,
        -:  433:	    typename iterator_traits<_ForwardIterator2>::value_type>)
        -:  434:      __glibcxx_requires_valid_range(__first1, __last1);
        -:  435:      __glibcxx_requires_valid_range(__first2, __last2);
        -:  436:
        -:  437:      return std::__find_end(__first1, __last1, __first2, __last2,
        -:  438:			     std::__iterator_category(__first1),
        -:  439:			     std::__iterator_category(__first2),
        -:  440:			     __gnu_cxx::__ops::__iter_equal_to_iter());
        -:  441:    }
        -:  442:
        -:  443:  /**
        -:  444:   *  @brief  Find last matching subsequence in a sequence using a predicate.
        -:  445:   *  @ingroup non_mutating_algorithms
        -:  446:   *  @param  __first1  Start of range to search.
        -:  447:   *  @param  __last1   End of range to search.
        -:  448:   *  @param  __first2  Start of sequence to match.
        -:  449:   *  @param  __last2   End of sequence to match.
        -:  450:   *  @param  __comp    The predicate to use.
        -:  451:   *  @return The last iterator @c i in the range @p
        -:  452:   *  [__first1,__last1-(__last2-__first2)) such that @c
        -:  453:   *  predicate(*(i+N), @p (__first2+N)) is true for each @c N in the
        -:  454:   *  range @p [0,__last2-__first2), or @p __last1 if no such iterator
        -:  455:   *  exists.
        -:  456:   *
        -:  457:   *  Searches the range @p [__first1,__last1) for a sub-sequence that
        -:  458:   *  compares equal value-by-value with the sequence given by @p
        -:  459:   *  [__first2,__last2) using comp as a predicate and returns an
        -:  460:   *  iterator to the first element of the sub-sequence, or @p __last1
        -:  461:   *  if the sub-sequence is not found.  The sub-sequence will be the
        -:  462:   *  last such subsequence contained in [__first,__last1).
        -:  463:   *
        -:  464:   *  Because the sub-sequence must lie completely within the range @p
        -:  465:   *  [__first1,__last1) it must start at a position less than @p
        -:  466:   *  __last1-(__last2-__first2) where @p __last2-__first2 is the
        -:  467:   *  length of the sub-sequence.  This means that the returned
        -:  468:   *  iterator @c i will be in the range @p
        -:  469:   *  [__first1,__last1-(__last2-__first2))
        -:  470:  */
        -:  471:  template<typename _ForwardIterator1, typename _ForwardIterator2,
        -:  472:	   typename _BinaryPredicate>
        -:  473:    inline _ForwardIterator1
        -:  474:    find_end(_ForwardIterator1 __first1, _ForwardIterator1 __last1,
        -:  475:	     _ForwardIterator2 __first2, _ForwardIterator2 __last2,
        -:  476:	     _BinaryPredicate __comp)
        -:  477:    {
        -:  478:      // concept requirements
        -:  479:      __glibcxx_function_requires(_ForwardIteratorConcept<_ForwardIterator1>)
        -:  480:      __glibcxx_function_requires(_ForwardIteratorConcept<_ForwardIterator2>)
        -:  481:      __glibcxx_function_requires(_BinaryPredicateConcept<_BinaryPredicate,
        -:  482:	    typename iterator_traits<_ForwardIterator1>::value_type,
        -:  483:	    typename iterator_traits<_ForwardIterator2>::value_type>)
        -:  484:      __glibcxx_requires_valid_range(__first1, __last1);
        -:  485:      __glibcxx_requires_valid_range(__first2, __last2);
        -:  486:
        -:  487:      return std::__find_end(__first1, __last1, __first2, __last2,
        -:  488:			     std::__iterator_category(__first1),
        -:  489:			     std::__iterator_category(__first2),
        -:  490:			     __gnu_cxx::__ops::__iter_comp_iter(__comp));
        -:  491:    }
        -:  492:
        -:  493:#if __cplusplus >= 201103L
        -:  494:  /**
        -:  495:   *  @brief  Checks that a predicate is true for all the elements
        -:  496:   *          of a sequence.
        -:  497:   *  @ingroup non_mutating_algorithms
        -:  498:   *  @param  __first   An input iterator.
        -:  499:   *  @param  __last    An input iterator.
        -:  500:   *  @param  __pred    A predicate.
        -:  501:   *  @return  True if the check is true, false otherwise.
        -:  502:   *
        -:  503:   *  Returns true if @p __pred is true for each element in the range
        -:  504:   *  @p [__first,__last), and false otherwise.
        -:  505:  */
        -:  506:  template<typename _InputIterator, typename _Predicate>
        -:  507:    inline bool
        -:  508:    all_of(_InputIterator __first, _InputIterator __last, _Predicate __pred)
        -:  509:    { return __last == std::find_if_not(__first, __last, __pred); }
        -:  510:
        -:  511:  /**
        -:  512:   *  @brief  Checks that a predicate is false for all the elements
        -:  513:   *          of a sequence.
        -:  514:   *  @ingroup non_mutating_algorithms
        -:  515:   *  @param  __first   An input iterator.
        -:  516:   *  @param  __last    An input iterator.
        -:  517:   *  @param  __pred    A predicate.
        -:  518:   *  @return  True if the check is true, false otherwise.
        -:  519:   *
        -:  520:   *  Returns true if @p __pred is false for each element in the range
        -:  521:   *  @p [__first,__last), and false otherwise.
        -:  522:  */
        -:  523:  template<typename _InputIterator, typename _Predicate>
        -:  524:    inline bool
        -:  525:    none_of(_InputIterator __first, _InputIterator __last, _Predicate __pred)
        -:  526:    { return __last == _GLIBCXX_STD_A::find_if(__first, __last, __pred); }
        -:  527:
        -:  528:  /**
        -:  529:   *  @brief  Checks that a predicate is false for at least an element
        -:  530:   *          of a sequence.
        -:  531:   *  @ingroup non_mutating_algorithms
        -:  532:   *  @param  __first   An input iterator.
        -:  533:   *  @param  __last    An input iterator.
        -:  534:   *  @param  __pred    A predicate.
        -:  535:   *  @return  True if the check is true, false otherwise.
        -:  536:   *
        -:  537:   *  Returns true if an element exists in the range @p
        -:  538:   *  [__first,__last) such that @p __pred is true, and false
        -:  539:   *  otherwise.
        -:  540:  */
        -:  541:  template<typename _InputIterator, typename _Predicate>
        -:  542:    inline bool
        -:  543:    any_of(_InputIterator __first, _InputIterator __last, _Predicate __pred)
        -:  544:    { return !std::none_of(__first, __last, __pred); }
        -:  545:
        -:  546:  /**
        -:  547:   *  @brief  Find the first element in a sequence for which a
        -:  548:   *          predicate is false.
        -:  549:   *  @ingroup non_mutating_algorithms
        -:  550:   *  @param  __first  An input iterator.
        -:  551:   *  @param  __last   An input iterator.
        -:  552:   *  @param  __pred   A predicate.
        -:  553:   *  @return   The first iterator @c i in the range @p [__first,__last)
        -:  554:   *  such that @p __pred(*i) is false, or @p __last if no such iterator exists.
        -:  555:  */
        -:  556:  template<typename _InputIterator, typename _Predicate>
        -:  557:    inline _InputIterator
        -:  558:    find_if_not(_InputIterator __first, _InputIterator __last,
        -:  559:		_Predicate __pred)
        -:  560:    {
        -:  561:      // concept requirements
        -:  562:      __glibcxx_function_requires(_InputIteratorConcept<_InputIterator>)
        -:  563:      __glibcxx_function_requires(_UnaryPredicateConcept<_Predicate,
        -:  564:	      typename iterator_traits<_InputIterator>::value_type>)
        -:  565:      __glibcxx_requires_valid_range(__first, __last);
        -:  566:      return std::__find_if_not(__first, __last,
        -:  567:				__gnu_cxx::__ops::__pred_iter(__pred));
        -:  568:    }
        -:  569:
        -:  570:  /**
        -:  571:   *  @brief  Checks whether the sequence is partitioned.
        -:  572:   *  @ingroup mutating_algorithms
        -:  573:   *  @param  __first  An input iterator.
        -:  574:   *  @param  __last   An input iterator.
        -:  575:   *  @param  __pred   A predicate.
        -:  576:   *  @return  True if the range @p [__first,__last) is partioned by @p __pred,
        -:  577:   *  i.e. if all elements that satisfy @p __pred appear before those that
        -:  578:   *  do not.
        -:  579:  */
        -:  580:  template<typename _InputIterator, typename _Predicate>
        -:  581:    inline bool
        -:  582:    is_partitioned(_InputIterator __first, _InputIterator __last,
        -:  583:		   _Predicate __pred)
        -:  584:    {
        -:  585:      __first = std::find_if_not(__first, __last, __pred);
        -:  586:      if (__first == __last)
        -:  587:	return true;
        -:  588:      ++__first;
        -:  589:      return std::none_of(__first, __last, __pred);
        -:  590:    }
        -:  591:
        -:  592:  /**
        -:  593:   *  @brief  Find the partition point of a partitioned range.
        -:  594:   *  @ingroup mutating_algorithms
        -:  595:   *  @param  __first   An iterator.
        -:  596:   *  @param  __last    Another iterator.
        -:  597:   *  @param  __pred    A predicate.
        -:  598:   *  @return  An iterator @p mid such that @p all_of(__first, mid, __pred)
        -:  599:   *           and @p none_of(mid, __last, __pred) are both true.
        -:  600:  */
        -:  601:  template<typename _ForwardIterator, typename _Predicate>
        -:  602:    _ForwardIterator
        -:  603:    partition_point(_ForwardIterator __first, _ForwardIterator __last,
        -:  604:		    _Predicate __pred)
        -:  605:    {
        -:  606:      // concept requirements
        -:  607:      __glibcxx_function_requires(_ForwardIteratorConcept<_ForwardIterator>)
        -:  608:      __glibcxx_function_requires(_UnaryPredicateConcept<_Predicate,
        -:  609:	      typename iterator_traits<_ForwardIterator>::value_type>)
        -:  610:
        -:  611:      // A specific debug-mode test will be necessary...
        -:  612:      __glibcxx_requires_valid_range(__first, __last);
        -:  613:
        -:  614:      typedef typename iterator_traits<_ForwardIterator>::difference_type
        -:  615:	_DistanceType;
        -:  616:
        -:  617:      _DistanceType __len = std::distance(__first, __last);
        -:  618:      _DistanceType __half;
        -:  619:      _ForwardIterator __middle;
        -:  620:
        -:  621:      while (__len > 0)
        -:  622:	{
        -:  623:	  __half = __len >> 1;
        -:  624:	  __middle = __first;
        -:  625:	  std::advance(__middle, __half);
        -:  626:	  if (__pred(*__middle))
        -:  627:	    {
        -:  628:	      __first = __middle;
        -:  629:	      ++__first;
        -:  630:	      __len = __len - __half - 1;
        -:  631:	    }
        -:  632:	  else
        -:  633:	    __len = __half;
        -:  634:	}
        -:  635:      return __first;
        -:  636:    }
        -:  637:#endif
        -:  638:
        -:  639:  template<typename _InputIterator, typename _OutputIterator,
        -:  640:	   typename _Predicate>
        -:  641:    _OutputIterator
        -:  642:    __remove_copy_if(_InputIterator __first, _InputIterator __last,
        -:  643:		     _OutputIterator __result, _Predicate __pred)
        -:  644:    {
        -:  645:      for (; __first != __last; ++__first)
        -:  646:	if (!__pred(__first))
        -:  647:	  {
        -:  648:	    *__result = *__first;
        -:  649:	    ++__result;
        -:  650:	  }
        -:  651:      return __result;
        -:  652:    }
        -:  653:
        -:  654:  /**
        -:  655:   *  @brief Copy a sequence, removing elements of a given value.
        -:  656:   *  @ingroup mutating_algorithms
        -:  657:   *  @param  __first   An input iterator.
        -:  658:   *  @param  __last    An input iterator.
        -:  659:   *  @param  __result  An output iterator.
        -:  660:   *  @param  __value   The value to be removed.
        -:  661:   *  @return   An iterator designating the end of the resulting sequence.
        -:  662:   *
        -:  663:   *  Copies each element in the range @p [__first,__last) not equal
        -:  664:   *  to @p __value to the range beginning at @p __result.
        -:  665:   *  remove_copy() is stable, so the relative order of elements that
        -:  666:   *  are copied is unchanged.
        -:  667:  */
        -:  668:  template<typename _InputIterator, typename _OutputIterator, typename _Tp>
        -:  669:    inline _OutputIterator
        -:  670:    remove_copy(_InputIterator __first, _InputIterator __last,
        -:  671:		_OutputIterator __result, const _Tp& __value)
        -:  672:    {
        -:  673:      // concept requirements
        -:  674:      __glibcxx_function_requires(_InputIteratorConcept<_InputIterator>)
        -:  675:      __glibcxx_function_requires(_OutputIteratorConcept<_OutputIterator,
        -:  676:	    typename iterator_traits<_InputIterator>::value_type>)
        -:  677:      __glibcxx_function_requires(_EqualOpConcept<
        -:  678:	    typename iterator_traits<_InputIterator>::value_type, _Tp>)
        -:  679:      __glibcxx_requires_valid_range(__first, __last);
        -:  680:
        -:  681:      return std::__remove_copy_if(__first, __last, __result,
        -:  682:	__gnu_cxx::__ops::__iter_equals_val(__value));
        -:  683:    }
        -:  684:
        -:  685:  /**
        -:  686:   *  @brief Copy a sequence, removing elements for which a predicate is true.
        -:  687:   *  @ingroup mutating_algorithms
        -:  688:   *  @param  __first   An input iterator.
        -:  689:   *  @param  __last    An input iterator.
        -:  690:   *  @param  __result  An output iterator.
        -:  691:   *  @param  __pred    A predicate.
        -:  692:   *  @return   An iterator designating the end of the resulting sequence.
        -:  693:   *
        -:  694:   *  Copies each element in the range @p [__first,__last) for which
        -:  695:   *  @p __pred returns false to the range beginning at @p __result.
        -:  696:   *
        -:  697:   *  remove_copy_if() is stable, so the relative order of elements that are
        -:  698:   *  copied is unchanged.
        -:  699:  */
        -:  700:  template<typename _InputIterator, typename _OutputIterator,
        -:  701:	   typename _Predicate>
        -:  702:    inline _OutputIterator
        -:  703:    remove_copy_if(_InputIterator __first, _InputIterator __last,
        -:  704:		   _OutputIterator __result, _Predicate __pred)
        -:  705:    {
        -:  706:      // concept requirements
        -:  707:      __glibcxx_function_requires(_InputIteratorConcept<_InputIterator>)
        -:  708:      __glibcxx_function_requires(_OutputIteratorConcept<_OutputIterator,
        -:  709:	    typename iterator_traits<_InputIterator>::value_type>)
        -:  710:      __glibcxx_function_requires(_UnaryPredicateConcept<_Predicate,
        -:  711:	    typename iterator_traits<_InputIterator>::value_type>)
        -:  712:      __glibcxx_requires_valid_range(__first, __last);
        -:  713:
        -:  714:      return std::__remove_copy_if(__first, __last, __result,
        -:  715:				   __gnu_cxx::__ops::__pred_iter(__pred));
        -:  716:    }
        -:  717:
        -:  718:#if __cplusplus >= 201103L
        -:  719:  /**
        -:  720:   *  @brief Copy the elements of a sequence for which a predicate is true.
        -:  721:   *  @ingroup mutating_algorithms
        -:  722:   *  @param  __first   An input iterator.
        -:  723:   *  @param  __last    An input iterator.
        -:  724:   *  @param  __result  An output iterator.
        -:  725:   *  @param  __pred    A predicate.
        -:  726:   *  @return   An iterator designating the end of the resulting sequence.
        -:  727:   *
        -:  728:   *  Copies each element in the range @p [__first,__last) for which
        -:  729:   *  @p __pred returns true to the range beginning at @p __result.
        -:  730:   *
        -:  731:   *  copy_if() is stable, so the relative order of elements that are
        -:  732:   *  copied is unchanged.
        -:  733:  */
        -:  734:  template<typename _InputIterator, typename _OutputIterator,
        -:  735:	   typename _Predicate>
        -:  736:    _OutputIterator
        -:  737:    copy_if(_InputIterator __first, _InputIterator __last,
        -:  738:	    _OutputIterator __result, _Predicate __pred)
        -:  739:    {
        -:  740:      // concept requirements
        -:  741:      __glibcxx_function_requires(_InputIteratorConcept<_InputIterator>)
        -:  742:      __glibcxx_function_requires(_OutputIteratorConcept<_OutputIterator,
        -:  743:	    typename iterator_traits<_InputIterator>::value_type>)
        -:  744:      __glibcxx_function_requires(_UnaryPredicateConcept<_Predicate,
        -:  745:	    typename iterator_traits<_InputIterator>::value_type>)
        -:  746:      __glibcxx_requires_valid_range(__first, __last);
        -:  747:
        -:  748:      for (; __first != __last; ++__first)
        -:  749:	if (__pred(*__first))
        -:  750:	  {
        -:  751:	    *__result = *__first;
        -:  752:	    ++__result;
        -:  753:	  }
        -:  754:      return __result;
        -:  755:    }
        -:  756:
        -:  757:  template<typename _InputIterator, typename _Size, typename _OutputIterator>
        -:  758:    _OutputIterator
        -:  759:    __copy_n(_InputIterator __first, _Size __n,
        -:  760:	     _OutputIterator __result, input_iterator_tag)
        -:  761:    {
        -:  762:      if (__n > 0)
        -:  763:	{
        -:  764:	  while (true)
        -:  765:	    {
        -:  766:	      *__result = *__first;
        -:  767:	      ++__result;
        -:  768:	      if (--__n > 0)
        -:  769:		++__first;
        -:  770:	      else
        -:  771:		break;
        -:  772:	    }
        -:  773:	}
        -:  774:      return __result;
        -:  775:    }
        -:  776:
        -:  777:  template<typename _RandomAccessIterator, typename _Size,
        -:  778:	   typename _OutputIterator>
        -:  779:    inline _OutputIterator
        -:  780:    __copy_n(_RandomAccessIterator __first, _Size __n,
        -:  781:	     _OutputIterator __result, random_access_iterator_tag)
        -:  782:    { return std::copy(__first, __first + __n, __result); }
        -:  783:
        -:  784:  /**
        -:  785:   *  @brief Copies the range [first,first+n) into [result,result+n).
        -:  786:   *  @ingroup mutating_algorithms
        -:  787:   *  @param  __first  An input iterator.
        -:  788:   *  @param  __n      The number of elements to copy.
        -:  789:   *  @param  __result An output iterator.
        -:  790:   *  @return  result+n.
        -:  791:   *
        -:  792:   *  This inline function will boil down to a call to @c memmove whenever
        -:  793:   *  possible.  Failing that, if random access iterators are passed, then the
        -:  794:   *  loop count will be known (and therefore a candidate for compiler
        -:  795:   *  optimizations such as unrolling).
        -:  796:  */
        -:  797:  template<typename _InputIterator, typename _Size, typename _OutputIterator>
        -:  798:    inline _OutputIterator
        -:  799:    copy_n(_InputIterator __first, _Size __n, _OutputIterator __result)
        -:  800:    {
        -:  801:      // concept requirements
        -:  802:      __glibcxx_function_requires(_InputIteratorConcept<_InputIterator>)
        -:  803:      __glibcxx_function_requires(_OutputIteratorConcept<_OutputIterator,
        -:  804:	    typename iterator_traits<_InputIterator>::value_type>)
        -:  805:
        -:  806:      return std::__copy_n(__first, __n, __result,
        -:  807:			   std::__iterator_category(__first));
        -:  808:    }
        -:  809:
        -:  810:  /**
        -:  811:   *  @brief Copy the elements of a sequence to separate output sequences
        -:  812:   *         depending on the truth value of a predicate.
        -:  813:   *  @ingroup mutating_algorithms
        -:  814:   *  @param  __first   An input iterator.
        -:  815:   *  @param  __last    An input iterator.
        -:  816:   *  @param  __out_true   An output iterator.
        -:  817:   *  @param  __out_false  An output iterator.
        -:  818:   *  @param  __pred    A predicate.
        -:  819:   *  @return   A pair designating the ends of the resulting sequences.
        -:  820:   *
        -:  821:   *  Copies each element in the range @p [__first,__last) for which
        -:  822:   *  @p __pred returns true to the range beginning at @p out_true
        -:  823:   *  and each element for which @p __pred returns false to @p __out_false.
        -:  824:  */
        -:  825:  template<typename _InputIterator, typename _OutputIterator1,
        -:  826:	   typename _OutputIterator2, typename _Predicate>
        -:  827:    pair<_OutputIterator1, _OutputIterator2>
        -:  828:    partition_copy(_InputIterator __first, _InputIterator __last,
        -:  829:		   _OutputIterator1 __out_true, _OutputIterator2 __out_false,
        -:  830:		   _Predicate __pred)
        -:  831:    {
        -:  832:      // concept requirements
        -:  833:      __glibcxx_function_requires(_InputIteratorConcept<_InputIterator>)
        -:  834:      __glibcxx_function_requires(_OutputIteratorConcept<_OutputIterator1,
        -:  835:	    typename iterator_traits<_InputIterator>::value_type>)
        -:  836:      __glibcxx_function_requires(_OutputIteratorConcept<_OutputIterator2,
        -:  837:	    typename iterator_traits<_InputIterator>::value_type>)
        -:  838:      __glibcxx_function_requires(_UnaryPredicateConcept<_Predicate,
        -:  839:	    typename iterator_traits<_InputIterator>::value_type>)
        -:  840:      __glibcxx_requires_valid_range(__first, __last);
        -:  841:      
        -:  842:      for (; __first != __last; ++__first)
        -:  843:	if (__pred(*__first))
        -:  844:	  {
        -:  845:	    *__out_true = *__first;
        -:  846:	    ++__out_true;
        -:  847:	  }
        -:  848:	else
        -:  849:	  {
        -:  850:	    *__out_false = *__first;
        -:  851:	    ++__out_false;
        -:  852:	  }
        -:  853:
        -:  854:      return pair<_OutputIterator1, _OutputIterator2>(__out_true, __out_false);
        -:  855:    }
        -:  856:#endif
        -:  857:
        -:  858:  template<typename _ForwardIterator, typename _Predicate>
        -:  859:    _ForwardIterator
        -:  860:    __remove_if(_ForwardIterator __first, _ForwardIterator __last,
        -:  861:		_Predicate __pred)
        -:  862:    {
        -:  863:      __first = std::__find_if(__first, __last, __pred);
        -:  864:      if (__first == __last)
        -:  865:	return __first;
        -:  866:      _ForwardIterator __result = __first;
        -:  867:      ++__first;
        -:  868:      for (; __first != __last; ++__first)
        -:  869:	if (!__pred(__first))
        -:  870:	  {
        -:  871:	    *__result = _GLIBCXX_MOVE(*__first);
        -:  872:	    ++__result;
        -:  873:	  }
        -:  874:      return __result;
        -:  875:    }
        -:  876:
        -:  877:  /**
        -:  878:   *  @brief Remove elements from a sequence.
        -:  879:   *  @ingroup mutating_algorithms
        -:  880:   *  @param  __first  An input iterator.
        -:  881:   *  @param  __last   An input iterator.
        -:  882:   *  @param  __value  The value to be removed.
        -:  883:   *  @return   An iterator designating the end of the resulting sequence.
        -:  884:   *
        -:  885:   *  All elements equal to @p __value are removed from the range
        -:  886:   *  @p [__first,__last).
        -:  887:   *
        -:  888:   *  remove() is stable, so the relative order of elements that are
        -:  889:   *  not removed is unchanged.
        -:  890:   *
        -:  891:   *  Elements between the end of the resulting sequence and @p __last
        -:  892:   *  are still present, but their value is unspecified.
        -:  893:  */
        -:  894:  template<typename _ForwardIterator, typename _Tp>
        -:  895:    inline _ForwardIterator
        -:  896:    remove(_ForwardIterator __first, _ForwardIterator __last,
        -:  897:	   const _Tp& __value)
        -:  898:    {
        -:  899:      // concept requirements
        -:  900:      __glibcxx_function_requires(_Mutable_ForwardIteratorConcept<
        -:  901:				  _ForwardIterator>)
        -:  902:      __glibcxx_function_requires(_EqualOpConcept<
        -:  903:	    typename iterator_traits<_ForwardIterator>::value_type, _Tp>)
        -:  904:      __glibcxx_requires_valid_range(__first, __last);
        -:  905:
        -:  906:      return std::__remove_if(__first, __last,
        -:  907:		__gnu_cxx::__ops::__iter_equals_val(__value));
        -:  908:    }
        -:  909:
        -:  910:  /**
        -:  911:   *  @brief Remove elements from a sequence using a predicate.
        -:  912:   *  @ingroup mutating_algorithms
        -:  913:   *  @param  __first  A forward iterator.
        -:  914:   *  @param  __last   A forward iterator.
        -:  915:   *  @param  __pred   A predicate.
        -:  916:   *  @return   An iterator designating the end of the resulting sequence.
        -:  917:   *
        -:  918:   *  All elements for which @p __pred returns true are removed from the range
        -:  919:   *  @p [__first,__last).
        -:  920:   *
        -:  921:   *  remove_if() is stable, so the relative order of elements that are
        -:  922:   *  not removed is unchanged.
        -:  923:   *
        -:  924:   *  Elements between the end of the resulting sequence and @p __last
        -:  925:   *  are still present, but their value is unspecified.
        -:  926:  */
        -:  927:  template<typename _ForwardIterator, typename _Predicate>
        -:  928:    inline _ForwardIterator
        -:  929:    remove_if(_ForwardIterator __first, _ForwardIterator __last,
        -:  930:	      _Predicate __pred)
        -:  931:    {
        -:  932:      // concept requirements
        -:  933:      __glibcxx_function_requires(_Mutable_ForwardIteratorConcept<
        -:  934:				  _ForwardIterator>)
        -:  935:      __glibcxx_function_requires(_UnaryPredicateConcept<_Predicate,
        -:  936:	    typename iterator_traits<_ForwardIterator>::value_type>)
        -:  937:      __glibcxx_requires_valid_range(__first, __last);
        -:  938:
        -:  939:      return std::__remove_if(__first, __last,
        -:  940:			      __gnu_cxx::__ops::__pred_iter(__pred));
        -:  941:    }
        -:  942:
        -:  943:  template<typename _ForwardIterator, typename _BinaryPredicate>
        -:  944:    _ForwardIterator
        -:  945:    __adjacent_find(_ForwardIterator __first, _ForwardIterator __last,
        -:  946:		    _BinaryPredicate __binary_pred)
        -:  947:    {
        -:  948:      if (__first == __last)
        -:  949:	return __last;
        -:  950:      _ForwardIterator __next = __first;
        -:  951:      while (++__next != __last)
        -:  952:	{
        -:  953:	  if (__binary_pred(__first, __next))
        -:  954:	    return __first;
        -:  955:	  __first = __next;
        -:  956:	}
        -:  957:      return __last;
        -:  958:    }
        -:  959:
        -:  960:  template<typename _ForwardIterator, typename _BinaryPredicate>
        -:  961:    _ForwardIterator
        -:  962:    __unique(_ForwardIterator __first, _ForwardIterator __last,
        -:  963:	     _BinaryPredicate __binary_pred)
        -:  964:    {
        -:  965:      // Skip the beginning, if already unique.
        -:  966:      __first = std::__adjacent_find(__first, __last, __binary_pred);
        -:  967:      if (__first == __last)
        -:  968:	return __last;
        -:  969:
        -:  970:      // Do the real copy work.
        -:  971:      _ForwardIterator __dest = __first;
        -:  972:      ++__first;
        -:  973:      while (++__first != __last)
        -:  974:	if (!__binary_pred(__dest, __first))
        -:  975:	  *++__dest = _GLIBCXX_MOVE(*__first);
        -:  976:      return ++__dest;
        -:  977:    }
        -:  978:
        -:  979:  /**
        -:  980:   *  @brief Remove consecutive duplicate values from a sequence.
        -:  981:   *  @ingroup mutating_algorithms
        -:  982:   *  @param  __first  A forward iterator.
        -:  983:   *  @param  __last   A forward iterator.
        -:  984:   *  @return  An iterator designating the end of the resulting sequence.
        -:  985:   *
        -:  986:   *  Removes all but the first element from each group of consecutive
        -:  987:   *  values that compare equal.
        -:  988:   *  unique() is stable, so the relative order of elements that are
        -:  989:   *  not removed is unchanged.
        -:  990:   *  Elements between the end of the resulting sequence and @p __last
        -:  991:   *  are still present, but their value is unspecified.
        -:  992:  */
        -:  993:  template<typename _ForwardIterator>
        -:  994:    inline _ForwardIterator
        -:  995:    unique(_ForwardIterator __first, _ForwardIterator __last)
        -:  996:    {
        -:  997:      // concept requirements
        -:  998:      __glibcxx_function_requires(_Mutable_ForwardIteratorConcept<
        -:  999:				  _ForwardIterator>)
        -: 1000:      __glibcxx_function_requires(_EqualityComparableConcept<
        -: 1001:		     typename iterator_traits<_ForwardIterator>::value_type>)
        -: 1002:      __glibcxx_requires_valid_range(__first, __last);
        -: 1003:
        -: 1004:      return std::__unique(__first, __last,
        -: 1005:			   __gnu_cxx::__ops::__iter_equal_to_iter());
        -: 1006:    }
        -: 1007:
        -: 1008:  /**
        -: 1009:   *  @brief Remove consecutive values from a sequence using a predicate.
        -: 1010:   *  @ingroup mutating_algorithms
        -: 1011:   *  @param  __first        A forward iterator.
        -: 1012:   *  @param  __last         A forward iterator.
        -: 1013:   *  @param  __binary_pred  A binary predicate.
        -: 1014:   *  @return  An iterator designating the end of the resulting sequence.
        -: 1015:   *
        -: 1016:   *  Removes all but the first element from each group of consecutive
        -: 1017:   *  values for which @p __binary_pred returns true.
        -: 1018:   *  unique() is stable, so the relative order of elements that are
        -: 1019:   *  not removed is unchanged.
        -: 1020:   *  Elements between the end of the resulting sequence and @p __last
        -: 1021:   *  are still present, but their value is unspecified.
        -: 1022:  */
        -: 1023:  template<typename _ForwardIterator, typename _BinaryPredicate>
        -: 1024:    inline _ForwardIterator
        -: 1025:    unique(_ForwardIterator __first, _ForwardIterator __last,
        -: 1026:	   _BinaryPredicate __binary_pred)
        -: 1027:    {
        -: 1028:      // concept requirements
        -: 1029:      __glibcxx_function_requires(_Mutable_ForwardIteratorConcept<
        -: 1030:				  _ForwardIterator>)
        -: 1031:      __glibcxx_function_requires(_BinaryPredicateConcept<_BinaryPredicate,
        -: 1032:		typename iterator_traits<_ForwardIterator>::value_type,
        -: 1033:		typename iterator_traits<_ForwardIterator>::value_type>)
        -: 1034:      __glibcxx_requires_valid_range(__first, __last);
        -: 1035:
        -: 1036:      return std::__unique(__first, __last,
        -: 1037:			   __gnu_cxx::__ops::__iter_comp_iter(__binary_pred));
        -: 1038:    }
        -: 1039:
        -: 1040:  /**
        -: 1041:   *  This is an uglified
        -: 1042:   *  unique_copy(_InputIterator, _InputIterator, _OutputIterator,
        -: 1043:   *              _BinaryPredicate)
        -: 1044:   *  overloaded for forward iterators and output iterator as result.
        -: 1045:  */
        -: 1046:  template<typename _ForwardIterator, typename _OutputIterator,
        -: 1047:	   typename _BinaryPredicate>
        -: 1048:    _OutputIterator
        -: 1049:    __unique_copy(_ForwardIterator __first, _ForwardIterator __last,
        -: 1050:		  _OutputIterator __result, _BinaryPredicate __binary_pred,
        -: 1051:		  forward_iterator_tag, output_iterator_tag)
        -: 1052:    {
        -: 1053:      // concept requirements -- iterators already checked
        -: 1054:      __glibcxx_function_requires(_BinaryPredicateConcept<_BinaryPredicate,
        -: 1055:	  typename iterator_traits<_ForwardIterator>::value_type,
        -: 1056:	  typename iterator_traits<_ForwardIterator>::value_type>)
        -: 1057:
        -: 1058:      _ForwardIterator __next = __first;
        -: 1059:      *__result = *__first;
        -: 1060:      while (++__next != __last)
        -: 1061:	if (!__binary_pred(__first, __next))
        -: 1062:	  {
        -: 1063:	    __first = __next;
        -: 1064:	    *++__result = *__first;
        -: 1065:	  }
        -: 1066:      return ++__result;
        -: 1067:    }
        -: 1068:
        -: 1069:  /**
        -: 1070:   *  This is an uglified
        -: 1071:   *  unique_copy(_InputIterator, _InputIterator, _OutputIterator,
        -: 1072:   *              _BinaryPredicate)
        -: 1073:   *  overloaded for input iterators and output iterator as result.
        -: 1074:  */
        -: 1075:  template<typename _InputIterator, typename _OutputIterator,
        -: 1076:	   typename _BinaryPredicate>
        -: 1077:    _OutputIterator
        -: 1078:    __unique_copy(_InputIterator __first, _InputIterator __last,
        -: 1079:		  _OutputIterator __result, _BinaryPredicate __binary_pred,
        -: 1080:		  input_iterator_tag, output_iterator_tag)
        -: 1081:    {
        -: 1082:      // concept requirements -- iterators already checked
        -: 1083:      __glibcxx_function_requires(_BinaryPredicateConcept<_BinaryPredicate,
        -: 1084:	  typename iterator_traits<_InputIterator>::value_type,
        -: 1085:	  typename iterator_traits<_InputIterator>::value_type>)
        -: 1086:
        -: 1087:      typename iterator_traits<_InputIterator>::value_type __value = *__first;
        -: 1088:      __decltype(__gnu_cxx::__ops::__iter_comp_val(__binary_pred))
        -: 1089:	__rebound_pred
        -: 1090:	= __gnu_cxx::__ops::__iter_comp_val(__binary_pred);
        -: 1091:      *__result = __value;
        -: 1092:      while (++__first != __last)
        -: 1093:	if (!__rebound_pred(__first, __value))
        -: 1094:	  {
        -: 1095:	    __value = *__first;
        -: 1096:	    *++__result = __value;
        -: 1097:	  }
        -: 1098:      return ++__result;
        -: 1099:    }
        -: 1100:
        -: 1101:  /**
        -: 1102:   *  This is an uglified
        -: 1103:   *  unique_copy(_InputIterator, _InputIterator, _OutputIterator,
        -: 1104:   *              _BinaryPredicate)
        -: 1105:   *  overloaded for input iterators and forward iterator as result.
        -: 1106:  */
        -: 1107:  template<typename _InputIterator, typename _ForwardIterator,
        -: 1108:	   typename _BinaryPredicate>
        -: 1109:    _ForwardIterator
        -: 1110:    __unique_copy(_InputIterator __first, _InputIterator __last,
        -: 1111:		  _ForwardIterator __result, _BinaryPredicate __binary_pred,
        -: 1112:		  input_iterator_tag, forward_iterator_tag)
        -: 1113:    {
        -: 1114:      // concept requirements -- iterators already checked
        -: 1115:      __glibcxx_function_requires(_BinaryPredicateConcept<_BinaryPredicate,
        -: 1116:	  typename iterator_traits<_ForwardIterator>::value_type,
        -: 1117:	  typename iterator_traits<_InputIterator>::value_type>)
        -: 1118:      *__result = *__first;
        -: 1119:      while (++__first != __last)
        -: 1120:	if (!__binary_pred(__result, __first))
        -: 1121:	  *++__result = *__first;
        -: 1122:      return ++__result;
        -: 1123:    }
        -: 1124:
        -: 1125:  /**
        -: 1126:   *  This is an uglified reverse(_BidirectionalIterator,
        -: 1127:   *                              _BidirectionalIterator)
        -: 1128:   *  overloaded for bidirectional iterators.
        -: 1129:  */
        -: 1130:  template<typename _BidirectionalIterator>
        -: 1131:    void
        -: 1132:    __reverse(_BidirectionalIterator __first, _BidirectionalIterator __last,
        -: 1133:	      bidirectional_iterator_tag)
        -: 1134:    {
        -: 1135:      while (true)
        -: 1136:	if (__first == __last || __first == --__last)
        -: 1137:	  return;
        -: 1138:	else
        -: 1139:	  {
        -: 1140:	    std::iter_swap(__first, __last);
        -: 1141:	    ++__first;
        -: 1142:	  }
        -: 1143:    }
        -: 1144:
        -: 1145:  /**
        -: 1146:   *  This is an uglified reverse(_BidirectionalIterator,
        -: 1147:   *                              _BidirectionalIterator)
        -: 1148:   *  overloaded for random access iterators.
        -: 1149:  */
        -: 1150:  template<typename _RandomAccessIterator>
        -: 1151:    void
        -: 1152:    __reverse(_RandomAccessIterator __first, _RandomAccessIterator __last,
        -: 1153:	      random_access_iterator_tag)
        -: 1154:    {
        -: 1155:      if (__first == __last)
        -: 1156:	return;
        -: 1157:      --__last;
        -: 1158:      while (__first < __last)
        -: 1159:	{
        -: 1160:	  std::iter_swap(__first, __last);
        -: 1161:	  ++__first;
        -: 1162:	  --__last;
        -: 1163:	}
[...]
        -: 5469:	  }
        -: 5470:	else
        -: 5471:	  {
        -: 5472:	    ++__first1;
        -: 5473:	    ++__first2;
        -: 5474:	  }
        -: 5475:      return std::copy(__first2, __last2, 
        -: 5476:		       std::copy(__first1, __last1, __result));
        -: 5477:    }
        -: 5478:
        -: 5479:  /**
        -: 5480:   *  @brief  Return the symmetric difference of two sorted ranges.
        -: 5481:   *  @ingroup set_algorithms
        -: 5482:   *  @param  __first1  Start of first range.
        -: 5483:   *  @param  __last1   End of first range.
        -: 5484:   *  @param  __first2  Start of second range.
        -: 5485:   *  @param  __last2   End of second range.
        -: 5486:   *  @param  __result  Start of output range.
        -: 5487:   *  @return  End of the output range.
        -: 5488:   *  @ingroup set_algorithms
        -: 5489:   *
        -: 5490:   *  This operation iterates over both ranges, copying elements present in
        -: 5491:   *  one range but not the other in order to the output range.  Iterators
        -: 5492:   *  increment for each range.  When the current element of one range is less
        -: 5493:   *  than the other, that element is copied and the iterator advances.  If an
        -: 5494:   *  element is contained in both ranges, no elements are copied and both
        -: 5495:   *  ranges advance.  The output range may not overlap either input range.
        -: 5496:  */
        -: 5497:  template<typename _InputIterator1, typename _InputIterator2,
        -: 5498:	   typename _OutputIterator>
        -: 5499:    inline _OutputIterator
        -: 5500:    set_symmetric_difference(_InputIterator1 __first1, _InputIterator1 __last1,
        -: 5501:			     _InputIterator2 __first2, _InputIterator2 __last2,
        -: 5502:			     _OutputIterator __result)
        -: 5503:    {
        -: 5504:      // concept requirements
        -: 5505:      __glibcxx_function_requires(_InputIteratorConcept<_InputIterator1>)
        -: 5506:      __glibcxx_function_requires(_InputIteratorConcept<_InputIterator2>)
        -: 5507:      __glibcxx_function_requires(_OutputIteratorConcept<_OutputIterator,
        -: 5508:	    typename iterator_traits<_InputIterator1>::value_type>)
        -: 5509:      __glibcxx_function_requires(_OutputIteratorConcept<_OutputIterator,
        -: 5510:	    typename iterator_traits<_InputIterator2>::value_type>)
        -: 5511:      __glibcxx_function_requires(_LessThanOpConcept<
        -: 5512:	    typename iterator_traits<_InputIterator1>::value_type,
        -: 5513:	    typename iterator_traits<_InputIterator2>::value_type>)
        -: 5514:      __glibcxx_function_requires(_LessThanOpConcept<
        -: 5515:	    typename iterator_traits<_InputIterator2>::value_type,
        -: 5516:	    typename iterator_traits<_InputIterator1>::value_type>)	
        -: 5517:      __glibcxx_requires_sorted_set(__first1, __last1, __first2);
        -: 5518:      __glibcxx_requires_sorted_set(__first2, __last2, __first1);
        -: 5519:      __glibcxx_requires_irreflexive2(__first1, __last1);
        -: 5520:      __glibcxx_requires_irreflexive2(__first2, __last2);
        -: 5521:
        -: 5522:      return _GLIBCXX_STD_A::__set_symmetric_difference(__first1, __last1,
        -: 5523:					__first2, __last2, __result,
        -: 5524:					__gnu_cxx::__ops::__iter_less_iter());
        -: 5525:    }
        -: 5526:
        -: 5527:  /**
        -: 5528:   *  @brief  Return the symmetric difference of two sorted ranges using
        -: 5529:   *  comparison functor.
        -: 5530:   *  @ingroup set_algorithms
        -: 5531:   *  @param  __first1  Start of first range.
        -: 5532:   *  @param  __last1   End of first range.
        -: 5533:   *  @param  __first2  Start of second range.
        -: 5534:   *  @param  __last2   End of second range.
        -: 5535:   *  @param  __result  Start of output range.
        -: 5536:   *  @param  __comp    The comparison functor.
        -: 5537:   *  @return  End of the output range.
        -: 5538:   *  @ingroup set_algorithms
        -: 5539:   *
        -: 5540:   *  This operation iterates over both ranges, copying elements present in
        -: 5541:   *  one range but not the other in order to the output range.  Iterators
        -: 5542:   *  increment for each range.  When the current element of one range is less
        -: 5543:   *  than the other according to @p comp, that element is copied and the
        -: 5544:   *  iterator advances.  If an element is contained in both ranges according
        -: 5545:   *  to @p __comp, no elements are copied and both ranges advance.  The output
        -: 5546:   *  range may not overlap either input range.
        -: 5547:  */
        -: 5548:  template<typename _InputIterator1, typename _InputIterator2,
        -: 5549:	   typename _OutputIterator, typename _Compare>
        -: 5550:    inline _OutputIterator
        -: 5551:    set_symmetric_difference(_InputIterator1 __first1, _InputIterator1 __last1,
        -: 5552:			     _InputIterator2 __first2, _InputIterator2 __last2,
        -: 5553:			     _OutputIterator __result,
        -: 5554:			     _Compare __comp)
        -: 5555:    {
        -: 5556:      // concept requirements
        -: 5557:      __glibcxx_function_requires(_InputIteratorConcept<_InputIterator1>)
        -: 5558:      __glibcxx_function_requires(_InputIteratorConcept<_InputIterator2>)
        -: 5559:      __glibcxx_function_requires(_OutputIteratorConcept<_OutputIterator,
        -: 5560:	    typename iterator_traits<_InputIterator1>::value_type>)
        -: 5561:      __glibcxx_function_requires(_OutputIteratorConcept<_OutputIterator,
        -: 5562:	    typename iterator_traits<_InputIterator2>::value_type>)
        -: 5563:      __glibcxx_function_requires(_BinaryPredicateConcept<_Compare,
        -: 5564:	    typename iterator_traits<_InputIterator1>::value_type,
        -: 5565:	    typename iterator_traits<_InputIterator2>::value_type>)
        -: 5566:      __glibcxx_function_requires(_BinaryPredicateConcept<_Compare,
        -: 5567:	    typename iterator_traits<_InputIterator2>::value_type,
        -: 5568:	    typename iterator_traits<_InputIterator1>::value_type>)
        -: 5569:      __glibcxx_requires_sorted_set_pred(__first1, __last1, __first2, __comp);
        -: 5570:      __glibcxx_requires_sorted_set_pred(__first2, __last2, __first1, __comp);
        -: 5571:      __glibcxx_requires_irreflexive_pred2(__first1, __last1, __comp);
        -: 5572:      __glibcxx_requires_irreflexive_pred2(__first2, __last2, __comp);
        -: 5573:
        -: 5574:      return _GLIBCXX_STD_A::__set_symmetric_difference(__first1, __last1,
        -: 5575:				__first2, __last2, __result,
        -: 5576:				__gnu_cxx::__ops::__iter_comp_iter(__comp));
        -: 5577:    }
        -: 5578:
        -: 5579:  template<typename _ForwardIterator, typename _Compare>
        -: 5580:    _GLIBCXX14_CONSTEXPR
        -: 5581:    _ForwardIterator
        -: 5582:    __min_element(_ForwardIterator __first, _ForwardIterator __last,
        -: 5583:		  _Compare __comp)
        -: 5584:    {
        -: 5585:      if (__first == __last)
        -: 5586:	return __first;
        -: 5587:      _ForwardIterator __result = __first;
        -: 5588:      while (++__first != __last)
        -: 5589:	if (__comp(__first, __result))
        -: 5590:	  __result = __first;
        -: 5591:      return __result;
        -: 5592:    }
        -: 5593:
        -: 5594:  /**
        -: 5595:   *  @brief  Return the minimum element in a range.
        -: 5596:   *  @ingroup sorting_algorithms
        -: 5597:   *  @param  __first  Start of range.
        -: 5598:   *  @param  __last   End of range.
        -: 5599:   *  @return  Iterator referencing the first instance of the smallest value.
        -: 5600:  */
        -: 5601:  template<typename _ForwardIterator>
        -: 5602:    _GLIBCXX14_CONSTEXPR
        -: 5603:    _ForwardIterator
        -: 5604:    inline min_element(_ForwardIterator __first, _ForwardIterator __last)
        -: 5605:    {
        -: 5606:      // concept requirements
        -: 5607:      __glibcxx_function_requires(_ForwardIteratorConcept<_ForwardIterator>)
        -: 5608:      __glibcxx_function_requires(_LessThanComparableConcept<
        -: 5609:	    typename iterator_traits<_ForwardIterator>::value_type>)
        -: 5610:      __glibcxx_requires_valid_range(__first, __last);
        -: 5611:      __glibcxx_requires_irreflexive(__first, __last);
        -: 5612:
        -: 5613:      return _GLIBCXX_STD_A::__min_element(__first, __last,
        -: 5614:				__gnu_cxx::__ops::__iter_less_iter());
        -: 5615:    }
        -: 5616:
        -: 5617:  /**
        -: 5618:   *  @brief  Return the minimum element in a range using comparison functor.
        -: 5619:   *  @ingroup sorting_algorithms
        -: 5620:   *  @param  __first  Start of range.
        -: 5621:   *  @param  __last   End of range.
        -: 5622:   *  @param  __comp   Comparison functor.
        -: 5623:   *  @return  Iterator referencing the first instance of the smallest value
        -: 5624:   *  according to __comp.
        -: 5625:  */
        -: 5626:  template<typename _ForwardIterator, typename _Compare>
        -: 5627:    _GLIBCXX14_CONSTEXPR
        -: 5628:    inline _ForwardIterator
        -: 5629:    min_element(_ForwardIterator __first, _ForwardIterator __last,
        -: 5630:		_Compare __comp)
        -: 5631:    {
        -: 5632:      // concept requirements
        -: 5633:      __glibcxx_function_requires(_ForwardIteratorConcept<_ForwardIterator>)
        -: 5634:      __glibcxx_function_requires(_BinaryPredicateConcept<_Compare,
        -: 5635:	    typename iterator_traits<_ForwardIterator>::value_type,
        -: 5636:	    typename iterator_traits<_ForwardIterator>::value_type>)
        -: 5637:      __glibcxx_requires_valid_range(__first, __last);
        -: 5638:      __glibcxx_requires_irreflexive_pred(__first, __last, __comp);
        -: 5639:
        -: 5640:      return _GLIBCXX_STD_A::__min_element(__first, __last,
        -: 5641:				__gnu_cxx::__ops::__iter_comp_iter(__comp));
        -: 5642:    }
        -: 5643:
        -: 5644:  template<typename _ForwardIterator, typename _Compare>
        -: 5645:    _GLIBCXX14_CONSTEXPR
        -: 5646:    _ForwardIterator
        -: 5647:    __max_element(_ForwardIterator __first, _ForwardIterator __last,
        -: 5648:		  _Compare __comp)
        -: 5649:    {
        -: 5650:      if (__first == __last) return __first;
        -: 5651:      _ForwardIterator __result = __first;
        -: 5652:      while (++__first != __last)
        -: 5653:	if (__comp(__result, __first))
        -: 5654:	  __result = __first;
        -: 5655:      return __result;
        -: 5656:    }
        -: 5657:
        -: 5658:  /**
        -: 5659:   *  @brief  Return the maximum element in a range.
        -: 5660:   *  @ingroup sorting_algorithms
        -: 5661:   *  @param  __first  Start of range.
        -: 5662:   *  @param  __last   End of range.
        -: 5663:   *  @return  Iterator referencing the first instance of the largest value.
        -: 5664:  */
        -: 5665:  template<typename _ForwardIterator>
        -: 5666:    _GLIBCXX14_CONSTEXPR
        -: 5667:    inline _ForwardIterator
        -: 5668:    max_element(_ForwardIterator __first, _ForwardIterator __last)
        -: 5669:    {
        -: 5670:      // concept requirements
        -: 5671:      __glibcxx_function_requires(_ForwardIteratorConcept<_ForwardIterator>)
        -: 5672:      __glibcxx_function_requires(_LessThanComparableConcept<
        -: 5673:	    typename iterator_traits<_ForwardIterator>::value_type>)
        -: 5674:      __glibcxx_requires_valid_range(__first, __last);
        -: 5675:      __glibcxx_requires_irreflexive(__first, __last);
        -: 5676:
        -: 5677:      return _GLIBCXX_STD_A::__max_element(__first, __last,
        -: 5678:				__gnu_cxx::__ops::__iter_less_iter());
        -: 5679:    }
        -: 5680:
        -: 5681:  /**
        -: 5682:   *  @brief  Return the maximum element in a range using comparison functor.
        -: 5683:   *  @ingroup sorting_algorithms
        -: 5684:   *  @param  __first  Start of range.
        -: 5685:   *  @param  __last   End of range.
        -: 5686:   *  @param  __comp   Comparison functor.
        -: 5687:   *  @return  Iterator referencing the first instance of the largest value
        -: 5688:   *  according to __comp.
        -: 5689:  */
        -: 5690:  template<typename _ForwardIterator, typename _Compare>
        -: 5691:    _GLIBCXX14_CONSTEXPR
        -: 5692:    inline _ForwardIterator
        -: 5693:    max_element(_ForwardIterator __first, _ForwardIterator __last,
        -: 5694:		_Compare __comp)
        -: 5695:    {
        -: 5696:      // concept requirements
        -: 5697:      __glibcxx_function_requires(_ForwardIteratorConcept<_ForwardIterator>)
        -: 5698:      __glibcxx_function_requires(_BinaryPredicateConcept<_Compare,
        -: 5699:	    typename iterator_traits<_ForwardIterator>::value_type,
        -: 5700:	    typename iterator_traits<_ForwardIterator>::value_type>)
        -: 5701:      __glibcxx_requires_valid_range(__first, __last);
        -: 5702:      __glibcxx_requires_irreflexive_pred(__first, __last, __comp);
        -: 5703:
        -: 5704:      return _GLIBCXX_STD_A::__max_element(__first, __last,
        -: 5705:				__gnu_cxx::__ops::__iter_comp_iter(__comp));
        -: 5706:    }
        -: 5707:
        -: 5708:#if __cplusplus >= 201402L
        -: 5709:  /// Reservoir sampling algorithm.
        -: 5710:  template<typename _InputIterator, typename _RandomAccessIterator,
        -: 5711:           typename _Size, typename _UniformRandomBitGenerator>
        -: 5712:    _RandomAccessIterator
        -: 5713:    __sample(_InputIterator __first, _InputIterator __last, input_iterator_tag,
        -: 5714:	     _RandomAccessIterator __out, random_access_iterator_tag,
        -: 5715:	     _Size __n, _UniformRandomBitGenerator&& __g)
        -: 5716:    {
        -: 5717:      using __distrib_type = uniform_int_distribution<_Size>;
        -: 5718:      using __param_type = typename __distrib_type::param_type;
        -: 5719:      __distrib_type __d{};
        -: 5720:      _Size __sample_sz = 0;
        -: 5721:      while (__first != __last && __sample_sz != __n)
        -: 5722:	{
        -: 5723:	  __out[__sample_sz++] = *__first;
        -: 5724:	  ++__first;
        -: 5725:	}
        -: 5726:      for (auto __pop_sz = __sample_sz; __first != __last;
        -: 5727:	  ++__first, (void) ++__pop_sz)
        -: 5728:	{
        -: 5729:	  const auto __k = __d(__g, __param_type{0, __pop_sz});
        -: 5730:	  if (__k < __n)
        -: 5731:	    __out[__k] = *__first;
        -: 5732:	}
        -: 5733:      return __out + __sample_sz;
        -: 5734:    }
        -: 5735:
        -: 5736:  /// Selection sampling algorithm.
        -: 5737:  template<typename _ForwardIterator, typename _OutputIterator, typename _Cat,
        -: 5738:           typename _Size, typename _UniformRandomBitGenerator>
        -: 5739:    _OutputIterator
        -: 5740:    __sample(_ForwardIterator __first, _ForwardIterator __last,
        -: 5741:	     forward_iterator_tag,
        -: 5742:	     _OutputIterator __out, _Cat,
        -: 5743:	     _Size __n, _UniformRandomBitGenerator&& __g)
        -: 5744:    {
        -: 5745:      using __distrib_type = uniform_int_distribution<_Size>;
        -: 5746:      using __param_type = typename __distrib_type::param_type;
        -: 5747:      using _USize = make_unsigned_t<_Size>;
        -: 5748:      using _Gen = remove_reference_t<_UniformRandomBitGenerator>;
        -: 5749:      using __uc_type = common_type_t<typename _Gen::result_type, _USize>;
        -: 5750:
        -: 5751:      __distrib_type __d{};
        -: 5752:      _Size __unsampled_sz = std::distance(__first, __last);
        -: 5753:      __n = std::min(__n, __unsampled_sz);
        -: 5754:
        -: 5755:      // If possible, we use __gen_two_uniform_ints to efficiently produce
        -: 5756:      // two random numbers using a single distribution invocation:
        -: 5757:
        -: 5758:      const __uc_type __urngrange = __g.max() - __g.min();
        -: 5759:      if (__urngrange / __uc_type(__unsampled_sz) >= __uc_type(__unsampled_sz))
        -: 5760:        // I.e. (__urngrange >= __unsampled_sz * __unsampled_sz) but without
        -: 5761:	// wrapping issues.
        -: 5762:        {
        -: 5763:	  while (__n != 0 && __unsampled_sz >= 2)
        -: 5764:	    {
        -: 5765:	      const pair<_Size, _Size> __p =
        -: 5766:		__gen_two_uniform_ints(__unsampled_sz, __unsampled_sz - 1, __g);
        -: 5767:
        -: 5768:	      --__unsampled_sz;
        -: 5769:	      if (__p.first < __n)
        -: 5770:		{
        -: 5771:		  *__out++ = *__first;
        -: 5772:		  --__n;
        -: 5773:		}
        -: 5774:
        -: 5775:	      ++__first;
        -: 5776:
        -: 5777:	      if (__n == 0) break;
        -: 5778:
        -: 5779:	      --__unsampled_sz;
        -: 5780:	      if (__p.second < __n)
        -: 5781:		{
        -: 5782:		  *__out++ = *__first;
        -: 5783:		  --__n;
        -: 5784:		}
        -: 5785:
        -: 5786:	      ++__first;
        -: 5787:	    }
        -: 5788:        }
        -: 5789:
        -: 5790:      // The loop above is otherwise equivalent to this one-at-a-time version:
        -: 5791:
        -: 5792:      for (; __n != 0; ++__first)
        -: 5793:	if (__d(__g, __param_type{0, --__unsampled_sz}) < __n)
        -: 5794:	  {
        -: 5795:	    *__out++ = *__first;
        -: 5796:	    --__n;
        -: 5797:	  }
        -: 5798:      return __out;
        -: 5799:    }
        -: 5800:
        -: 5801:#if __cplusplus > 201402L
        -: 5802:#define __cpp_lib_sample 201603
        -: 5803:  /// Take a random sample from a population.
        -: 5804:  template<typename _PopulationIterator, typename _SampleIterator,
        -: 5805:           typename _Distance, typename _UniformRandomBitGenerator>
        -: 5806:    _SampleIterator
        -: 5807:    sample(_PopulationIterator __first, _PopulationIterator __last,
        -: 5808:	   _SampleIterator __out, _Distance __n,
        -: 5809:	   _UniformRandomBitGenerator&& __g)
        -: 5810:    {
        -: 5811:      using __pop_cat = typename
        -: 5812:	std::iterator_traits<_PopulationIterator>::iterator_category;
        -: 5813:      using __samp_cat = typename
        -: 5814:	std::iterator_traits<_SampleIterator>::iterator_category;
        -: 5815:
        -: 5816:      static_assert(
        -: 5817:	  __or_<is_convertible<__pop_cat, forward_iterator_tag>,
        -: 5818:		is_convertible<__samp_cat, random_access_iterator_tag>>::value,
        -: 5819:	  "output range must use a RandomAccessIterator when input range"
        -: 5820:	  " does not meet the ForwardIterator requirements");
        -: 5821:
        -: 5822:      static_assert(is_integral<_Distance>::value,
        -: 5823:		    "sample size must be an integer type");
        -: 5824:
        -: 5825:      typename iterator_traits<_PopulationIterator>::difference_type __d = __n;
        -: 5826:      return _GLIBCXX_STD_A::
        -: 5827:	__sample(__first, __last, __pop_cat{}, __out, __samp_cat{}, __d,
        -: 5828:		 std::forward<_UniformRandomBitGenerator>(__g));
        -: 5829:    }
        -: 5830:#endif // C++17
        -: 5831:#endif // C++14
        -: 5832:
        -: 5833:_GLIBCXX_END_NAMESPACE_ALGO
        -: 5834:_GLIBCXX_END_NAMESPACE_VERSION
        -: 5835:} // namespace std
        -: 5836:
        -: 5837:#endif /* _STL_ALGO_H */
